[ 2015-05-30T22:00:41+08:00 ] 127.0.0.1 /test/pre/test/index.php/home/User/login
INFO: [ app_init ] --START--
INFO: Run Behavior\BuildLiteBehavior [ RunTime:0.000071s ]
INFO: [ app_init ] --END-- [ RunTime:0.243687s ]
INFO: [ app_begin ] --START--
INFO: Run Behavior\ReadHtmlCacheBehavior [ RunTime:0.098214s ]
INFO: [ app_begin ] --END-- [ RunTime:0.098608s ]
INFO: [ app_end ] --START--
INFO: Run Behavior\ShowPageTraceBehavior [ RunTime:0.016754s ]
INFO: [ app_end ] --END-- [ RunTime:0.017087s ]

[ 2015-05-30T22:01:00+08:00 ] 127.0.0.1 /test/pre/test/index.php/home/User/login
INFO: [ app_init ] --START--
INFO: Run Behavior\BuildLiteBehavior [ RunTime:0.000063s ]
INFO: [ app_init ] --END-- [ RunTime:0.001395s ]
INFO: [ app_begin ] --START--
INFO: Run Behavior\ReadHtmlCacheBehavior [ RunTime:0.002359s ]
INFO: [ app_begin ] --END-- [ RunTime:0.002706s ]
INFO: [ app_end ] --START--
INFO: Run Behavior\ShowPageTraceBehavior [ RunTime:0.002036s ]
INFO: [ app_end ] --END-- [ RunTime:0.002367s ]

[ 2015-05-30T22:01:02+08:00 ] 127.0.0.1 /test/pre/test/index.php/home/User/login
INFO: [ app_init ] --START--
INFO: Run Behavior\BuildLiteBehavior [ RunTime:0.000065s ]
INFO: [ app_init ] --END-- [ RunTime:0.010166s ]
INFO: [ app_begin ] --START--
INFO: Run Behavior\ReadHtmlCacheBehavior [ RunTime:0.001379s ]
INFO: [ app_begin ] --END-- [ RunTime:0.001726s ]
INFO: [ app_end ] --START--
INFO: Run Behavior\ShowPageTraceBehavior [ RunTime:0.002363s ]
INFO: [ app_end ] --END-- [ RunTime:0.002703s ]

[ 2015-05-30T22:01:07+08:00 ] 127.0.0.1 /test/pre/test/index.php?m=home&c=User&a=login
INFO: [ app_init ] --START--
INFO: Run Behavior\BuildLiteBehavior [ RunTime:0.000066s ]
INFO: [ app_init ] --END-- [ RunTime:0.002158s ]
INFO: [ app_begin ] --START--
INFO: Run Behavior\ReadHtmlCacheBehavior [ RunTime:0.001815s ]
INFO: [ app_begin ] --END-- [ RunTime:0.004459s ]
INFO: [ app_end ] --START--
INFO: Run Behavior\ShowPageTraceBehavior [ RunTime:0.002163s ]
INFO: [ app_end ] --END-- [ RunTime:0.003356s ]

[ 2015-05-30T22:01:09+08:00 ] 127.0.0.1 /test/pre/test/index.php?m=home&c=User&a=login
INFO: [ app_init ] --START--
INFO: Run Behavior\BuildLiteBehavior [ RunTime:0.000065s ]
INFO: [ app_init ] --END-- [ RunTime:0.001081s ]
INFO: [ app_begin ] --START--
INFO: Run Behavior\ReadHtmlCacheBehavior [ RunTime:0.001407s ]
INFO: [ app_begin ] --END-- [ RunTime:0.001745s ]
INFO: [ app_end ] --START--
INFO: Run Behavior\ShowPageTraceBehavior [ RunTime:0.001288s ]
INFO: [ app_end ] --END-- [ RunTime:0.001604s ]

[ 2015-05-30T22:02:57+08:00 ] 127.0.0.1 /test/pre/test/index.php?m=home&c=User&a=login
INFO: [ app_init ] --START--
INFO: Run Behavior\BuildLiteBehavior [ RunTime:0.000066s ]
INFO: [ app_init ] --END-- [ RunTime:0.001309s ]
INFO: [ app_begin ] --START--
INFO: Run Behavior\ReadHtmlCacheBehavior [ RunTime:0.003762s ]
INFO: [ app_begin ] --END-- [ RunTime:0.004445s ]
INFO: [ app_end ] --START--
INFO: Run Behavior\ShowPageTraceBehavior [ RunTime:0.002384s ]
INFO: [ app_end ] --END-- [ RunTime:0.002725s ]

[ 2015-05-30T22:02:58+08:00 ] 127.0.0.1 /test/pre/test/index.php?m=home&c=User&a=login
INFO: [ app_init ] --START--
INFO: Run Behavior\BuildLiteBehavior [ RunTime:0.000067s ]
INFO: [ app_init ] --END-- [ RunTime:0.001915s ]
INFO: [ app_begin ] --START--
INFO: Run Behavior\ReadHtmlCacheBehavior [ RunTime:0.001333s ]
INFO: [ app_begin ] --END-- [ RunTime:0.001664s ]
INFO: [ app_end ] --START--
INFO: Run Behavior\ShowPageTraceBehavior [ RunTime:0.001303s ]
INFO: [ app_end ] --END-- [ RunTime:0.001629s ]

[ 2015-05-30T22:02:59+08:00 ] 127.0.0.1 /test/pre/test/index.php?m=home&c=User&a=login
INFO: [ app_init ] --START--
INFO: Run Behavior\BuildLiteBehavior [ RunTime:0.000066s ]
INFO: [ app_init ] --END-- [ RunTime:0.003933s ]
INFO: [ app_begin ] --START--
INFO: Run Behavior\ReadHtmlCacheBehavior [ RunTime:0.009117s ]
INFO: [ app_begin ] --END-- [ RunTime:0.009692s ]
INFO: [ app_end ] --START--
INFO: Run Behavior\ShowPageTraceBehavior [ RunTime:0.001466s ]
INFO: [ app_end ] --END-- [ RunTime:0.001791s ]

[ 2015-05-30T22:02:59+08:00 ] 127.0.0.1 /test/pre/test/index.php?m=home&c=User&a=login
INFO: [ app_init ] --START--
INFO: Run Behavior\BuildLiteBehavior [ RunTime:0.001926s ]
INFO: [ app_init ] --END-- [ RunTime:0.003932s ]
INFO: [ app_begin ] --START--
INFO: Run Behavior\ReadHtmlCacheBehavior [ RunTime:0.001691s ]
INFO: [ app_begin ] --END-- [ RunTime:0.002033s ]
INFO: [ app_end ] --START--
INFO: Run Behavior\ShowPageTraceBehavior [ RunTime:0.001773s ]
INFO: [ app_end ] --END-- [ RunTime:0.002153s ]

[ 2015-05-30T22:03:00+08:00 ] 127.0.0.1 /test/pre/test/index.php/home/User/login
INFO: [ app_init ] --START--
INFO: Run Behavior\BuildLiteBehavior [ RunTime:0.000068s ]
INFO: [ app_init ] --END-- [ RunTime:0.001650s ]
INFO: [ app_begin ] --START--
INFO: Run Behavior\ReadHtmlCacheBehavior [ RunTime:0.001453s ]
INFO: [ app_begin ] --END-- [ RunTime:0.001789s ]
INFO: [ app_end ] --START--
INFO: Run Behavior\ShowPageTraceBehavior [ RunTime:0.001378s ]
INFO: [ app_end ] --END-- [ RunTime:0.001694s ]

[ 2015-05-30T22:03:02+08:00 ] 127.0.0.1 /test/pre/test/index.php/home/User/login
INFO: [ app_init ] --START--
INFO: Run Behavior\BuildLiteBehavior [ RunTime:0.000146s ]
INFO: [ app_init ] --END-- [ RunTime:0.001446s ]
INFO: [ app_begin ] --START--
INFO: Run Behavior\ReadHtmlCacheBehavior [ RunTime:0.002665s ]
INFO: [ app_begin ] --END-- [ RunTime:0.003016s ]
INFO: [ app_end ] --START--
INFO: Run Behavior\ShowPageTraceBehavior [ RunTime:0.001746s ]
INFO: [ app_end ] --END-- [ RunTime:0.002088s ]

[ 2015-05-30T22:04:04+08:00 ] 127.0.0.1 /test/pre/test/index.php/home/User/login
INFO: [ app_init ] --START--
INFO: Run Behavior\BuildLiteBehavior [ RunTime:0.000063s ]
INFO: [ app_init ] --END-- [ RunTime:0.001698s ]
INFO: [ app_begin ] --START--
INFO: Run Behavior\ReadHtmlCacheBehavior [ RunTime:0.008153s ]
INFO: [ app_begin ] --END-- [ RunTime:0.008844s ]
INFO: [ app_end ] --START--
INFO: Run Behavior\ShowPageTraceBehavior [ RunTime:0.001992s ]
INFO: [ app_end ] --END-- [ RunTime:0.002840s ]

[ 2015-05-30T22:04:05+08:00 ] 127.0.0.1 /test/pre/test/index.php?m=home&c=User&a=login
INFO: [ app_init ] --START--
INFO: Run Behavior\BuildLiteBehavior [ RunTime:0.000083s ]
INFO: [ app_init ] --END-- [ RunTime:0.003498s ]
INFO: [ app_begin ] --START--
INFO: Run Behavior\ReadHtmlCacheBehavior [ RunTime:0.003296s ]
INFO: [ app_begin ] --END-- [ RunTime:0.003905s ]
INFO: [ app_end ] --START--
INFO: Run Behavior\ShowPageTraceBehavior [ RunTime:0.002004s ]
INFO: [ app_end ] --END-- [ RunTime:0.002518s ]

[ 2015-05-30T22:13:02+08:00 ] 127.0.0.1 /test/pre/test/index.php?m=home&c=User&a=login
INFO: [ app_init ] --START--
INFO: Run Behavior\BuildLiteBehavior [ RunTime:0.000304s ]
INFO: [ app_init ] --END-- [ RunTime:0.014676s ]
INFO: [ app_begin ] --START--
INFO: Run Behavior\ReadHtmlCacheBehavior [ RunTime:0.016226s ]
INFO: [ app_begin ] --END-- [ RunTime:0.018805s ]
INFO: [ app_end ] --START--
INFO: Run Behavior\ShowPageTraceBehavior [ RunTime:0.003158s ]
INFO: [ app_end ] --END-- [ RunTime:0.003623s ]

[ 2015-05-30T22:15:30+08:00 ] 127.0.0.1 /test/pre/test/index.php?m=home&c=User&a=login
INFO: [ app_init ] --START--
INFO: Run Behavior\BuildLiteBehavior [ RunTime:0.000068s ]
INFO: [ app_init ] --END-- [ RunTime:0.001386s ]
INFO: [ app_begin ] --START--
INFO: Run Behavior\ReadHtmlCacheBehavior [ RunTime:0.001909s ]
INFO: [ app_begin ] --END-- [ RunTime:0.002239s ]
INFO: [ app_end ] --START--
INFO: Run Behavior\ShowPageTraceBehavior [ RunTime:0.002220s ]
INFO: [ app_end ] --END-- [ RunTime:0.002814s ]

[ 2015-05-30T22:15:33+08:00 ] 127.0.0.1 /test/pre/test/index.php/home/User/login
INFO: [ app_init ] --START--
INFO: Run Behavior\BuildLiteBehavior [ RunTime:0.000068s ]
INFO: [ app_init ] --END-- [ RunTime:0.001284s ]
INFO: [ app_begin ] --START--
INFO: Run Behavior\ReadHtmlCacheBehavior [ RunTime:0.002475s ]
INFO: [ app_begin ] --END-- [ RunTime:0.002962s ]
INFO: [ app_end ] --START--
INFO: Run Behavior\ShowPageTraceBehavior [ RunTime:0.003367s ]
INFO: [ app_end ] --END-- [ RunTime:0.003696s ]

[ 2015-05-30T22:15:35+08:00 ] 127.0.0.1 /test/pre/test/index.php/home/User/login
INFO: [ app_init ] --START--
INFO: Run Behavior\BuildLiteBehavior [ RunTime:0.000074s ]
INFO: [ app_init ] --END-- [ RunTime:0.001413s ]
INFO: [ app_begin ] --START--
INFO: Run Behavior\ReadHtmlCacheBehavior [ RunTime:0.001862s ]
INFO: [ app_begin ] --END-- [ RunTime:0.003090s ]
INFO: [ app_end ] --START--
INFO: Run Behavior\ShowPageTraceBehavior [ RunTime:0.005559s ]
INFO: [ app_end ] --END-- [ RunTime:0.007102s ]

[ 2015-05-30T22:15:36+08:00 ] 127.0.0.1 /test/pre/test/index.php/home/User/login
INFO: [ app_init ] --START--
INFO: Run Behavior\BuildLiteBehavior [ RunTime:0.000065s ]
INFO: [ app_init ] --END-- [ RunTime:0.001111s ]
INFO: [ app_begin ] --START--
INFO: Run Behavior\ReadHtmlCacheBehavior [ RunTime:0.001296s ]
INFO: [ app_begin ] --END-- [ RunTime:0.001645s ]
INFO: [ app_end ] --START--
INFO: Run Behavior\ShowPageTraceBehavior [ RunTime:0.001562s ]
INFO: [ app_end ] --END-- [ RunTime:0.001885s ]

[ 2015-05-30T22:16:14+08:00 ] 127.0.0.1 /test/pre/test/index.php/home/User/login
INFO: [ app_init ] --START--
INFO: Run Behavior\BuildLiteBehavior [ RunTime:0.000064s ]
INFO: [ app_init ] --END-- [ RunTime:0.001348s ]
INFO: [ app_begin ] --START--
INFO: Run Behavior\ReadHtmlCacheBehavior [ RunTime:0.002229s ]
INFO: [ app_begin ] --END-- [ RunTime:0.002750s ]
INFO: [ app_end ] --START--
INFO: Run Behavior\ShowPageTraceBehavior [ RunTime:0.005925s ]
INFO: [ app_end ] --END-- [ RunTime:0.006303s ]

[ 2015-05-30T22:17:18+08:00 ] 127.0.0.1 /test/pre/test/index.php/home/User/login
INFO: [ app_init ] --START--
INFO: Run Behavior\BuildLiteBehavior [ RunTime:0.000079s ]
INFO: [ app_init ] --END-- [ RunTime:0.001916s ]
INFO: [ app_begin ] --START--
INFO: Run Behavior\ReadHtmlCacheBehavior [ RunTime:0.003567s ]
INFO: [ app_begin ] --END-- [ RunTime:0.005994s ]
INFO: [ app_end ] --START--
INFO: Run Behavior\ShowPageTraceBehavior [ RunTime:0.001975s ]
INFO: [ app_end ] --END-- [ RunTime:0.002293s ]

[ 2015-05-30T22:17:24+08:00 ] 127.0.0.1 /test/pre/test/index.php/home/User/login
INFO: [ app_init ] --START--
INFO: Run Behavior\BuildLiteBehavior [ RunTime:0.000069s ]
INFO: [ app_init ] --END-- [ RunTime:0.001370s ]
INFO: [ app_begin ] --START--
INFO: Run Behavior\ReadHtmlCacheBehavior [ RunTime:0.001696s ]
INFO: [ app_begin ] --END-- [ RunTime:0.002070s ]
INFO: [ app_end ] --START--
INFO: Run Behavior\ShowPageTraceBehavior [ RunTime:0.001431s ]
INFO: [ app_end ] --END-- [ RunTime:0.001883s ]

[ 2015-05-30T22:17:32+08:00 ] 127.0.0.1 /test/pre/test/index.php/home/User/login
INFO: [ app_init ] --START--
INFO: Run Behavior\BuildLiteBehavior [ RunTime:0.000065s ]
INFO: [ app_init ] --END-- [ RunTime:0.001259s ]
INFO: [ app_begin ] --START--
INFO: Run Behavior\ReadHtmlCacheBehavior [ RunTime:0.001663s ]
INFO: [ app_begin ] --END-- [ RunTime:0.002003s ]
INFO: [ app_end ] --START--
INFO: Run Behavior\ShowPageTraceBehavior [ RunTime:0.006962s ]
INFO: [ app_end ] --END-- [ RunTime:0.007277s ]

[ 2015-05-30T22:34:31+08:00 ] 127.0.0.1 /test/pre/test/index.php/home/User/login
ERR: 模板不存在:D:/about web/wamp/www/test/pre/test/Home/View/User/login.html

[ 2015-05-30T22:36:35+08:00 ] 127.0.0.1 /test/pre/test/index.php/home/User/login
ERR: 模板不存在:D:/about web/wamp/www/test/pre/test/Home/View/User/login.html

[ 2015-05-30T22:55:17+08:00 ] 127.0.0.1 /test/pre/test/index.php/home/User/CSS_URLstyle.css
ERR: 非法操作:CSS_URLstyle.css

[ 2015-05-30T23:05:34+08:00 ] 127.0.0.1 /test/pre/test/index.php/home/User/hello
ERR: 非法操作:hello

