[ 2015-08-12T00:07:32+08:00 ] 127.0.0.1 /test/new_project_network/network/index.php/Home/User/index.html
INFO: [ app_init ] --START--
INFO: Run Behavior\BuildLiteBehavior [ RunTime:0.000000s ]
INFO: [ app_init ] --END-- [ RunTime:0.004000s ]

[ 2015-08-12T00:13:35+08:00 ] 127.0.0.1 /test/new_project_network/network/index.php/Home/User/index.html
INFO: [ app_init ] --START--
INFO: Run Behavior\BuildLiteBehavior [ RunTime:0.000000s ]
INFO: [ app_init ] --END-- [ RunTime:0.004000s ]

[ 2015-08-12T00:14:33+08:00 ] 127.0.0.1 /test/new_project_network/network/index.php/Home/User/aw
INFO: [ app_init ] --START--
INFO: Run Behavior\BuildLiteBehavior [ RunTime:0.000000s ]
INFO: [ app_init ] --END-- [ RunTime:0.001000s ]
ERR: 非法操作:aw

[ 2015-08-12T00:15:30+08:00 ] 127.0.0.1 /test/new_project_network/network/index.php/Home/User/aw
INFO: [ app_init ] --START--
INFO: Run Behavior\BuildLiteBehavior [ RunTime:0.000000s ]
INFO: [ app_init ] --END-- [ RunTime:0.006000s ]
ERR: 非法操作:aw

[ 2015-08-12T00:15:32+08:00 ] 127.0.0.1 /test/new_project_network/network/index.php/Home/User/aw
INFO: [ app_init ] --START--
INFO: Run Behavior\BuildLiteBehavior [ RunTime:0.001000s ]
INFO: [ app_init ] --END-- [ RunTime:0.002000s ]
ERR: 非法操作:aw

[ 2015-08-12T00:15:33+08:00 ] 127.0.0.1 /test/new_project_network/network/index.php/Home/User/index.html
INFO: [ app_init ] --START--
INFO: Run Behavior\BuildLiteBehavior [ RunTime:0.000000s ]
INFO: [ app_init ] --END-- [ RunTime:0.001000s ]

[ 2015-08-12T00:16:24+08:00 ] 127.0.0.1 /test/new_project_network/network/index.php/Home/User/index.html
INFO: [ app_init ] --START--
INFO: Run Behavior\BuildLiteBehavior [ RunTime:0.000000s ]
INFO: [ app_init ] --END-- [ RunTime:0.003000s ]

[ 2015-08-12T00:17:15+08:00 ] 127.0.0.1 /test/new_project_network/network/index.php/Home/User/aw
INFO: [ app_init ] --START--
INFO: Run Behavior\BuildLiteBehavior [ RunTime:0.000000s ]
INFO: [ app_init ] --END-- [ RunTime:0.002000s ]
ERR: 非法操作:aw

[ 2015-08-12T00:17:47+08:00 ] 127.0.0.1 /test/new_project_network/network/index.php/Home/User/aw
INFO: [ app_init ] --START--
INFO: Run Behavior\BuildLiteBehavior [ RunTime:0.000000s ]
INFO: [ app_init ] --END-- [ RunTime:0.001000s ]
ERR: 非法操作:aw

[ 2015-08-12T00:17:48+08:00 ] 127.0.0.1 /test/new_project_network/network/index.php/Home/User/aw
INFO: [ app_init ] --START--
INFO: Run Behavior\BuildLiteBehavior [ RunTime:0.000000s ]
INFO: [ app_init ] --END-- [ RunTime:0.000000s ]
ERR: 非法操作:aw

[ 2015-08-12T00:17:49+08:00 ] 127.0.0.1 /test/new_project_network/network/index.php/Home/User/aw
INFO: [ app_init ] --START--
INFO: Run Behavior\BuildLiteBehavior [ RunTime:0.000000s ]
INFO: [ app_init ] --END-- [ RunTime:0.001001s ]
ERR: 非法操作:aw

[ 2015-08-12T00:17:49+08:00 ] 127.0.0.1 /test/new_project_network/network/index.php/Home/User/aw
INFO: [ app_init ] --START--
INFO: Run Behavior\BuildLiteBehavior [ RunTime:0.000000s ]
INFO: [ app_init ] --END-- [ RunTime:0.000000s ]
ERR: 非法操作:aw

[ 2015-08-12T00:17:49+08:00 ] 127.0.0.1 /test/new_project_network/network/index.php/Home/User/aw
INFO: [ app_init ] --START--
INFO: Run Behavior\BuildLiteBehavior [ RunTime:0.000000s ]
INFO: [ app_init ] --END-- [ RunTime:0.001000s ]
ERR: 非法操作:aw

[ 2015-08-12T00:17:49+08:00 ] 127.0.0.1 /test/new_project_network/network/index.php/Home/User/aw
INFO: [ app_init ] --START--
INFO: Run Behavior\BuildLiteBehavior [ RunTime:0.000000s ]
INFO: [ app_init ] --END-- [ RunTime:0.001000s ]
ERR: 非法操作:aw

[ 2015-08-12T00:17:49+08:00 ] 127.0.0.1 /test/new_project_network/network/index.php/Home/User/aw
INFO: [ app_init ] --START--
INFO: Run Behavior\BuildLiteBehavior [ RunTime:0.000000s ]
INFO: [ app_init ] --END-- [ RunTime:0.001000s ]
ERR: 非法操作:aw

[ 2015-08-12T00:17:54+08:00 ] 127.0.0.1 /test/new_project_network/network/index.php/Home/User/aw
INFO: [ app_init ] --START--
INFO: Run Behavior\BuildLiteBehavior [ RunTime:0.000000s ]
INFO: [ app_init ] --END-- [ RunTime:0.001001s ]
ERR: 非法操作:aw

[ 2015-08-12T00:17:54+08:00 ] 127.0.0.1 /test/new_project_network/network/index.php/Home/User/aw
INFO: [ app_init ] --START--
INFO: Run Behavior\BuildLiteBehavior [ RunTime:0.000000s ]
INFO: [ app_init ] --END-- [ RunTime:0.002000s ]
ERR: 非法操作:aw

[ 2015-08-12T00:17:55+08:00 ] 127.0.0.1 /test/new_project_network/network/index.php/Home/User/aw
INFO: [ app_init ] --START--
INFO: Run Behavior\BuildLiteBehavior [ RunTime:0.000000s ]
INFO: [ app_init ] --END-- [ RunTime:0.000000s ]
ERR: 非法操作:aw

[ 2015-08-12T00:17:55+08:00 ] 127.0.0.1 /test/new_project_network/network/index.php/Home/User/aw
INFO: [ app_init ] --START--
INFO: Run Behavior\BuildLiteBehavior [ RunTime:0.000000s ]
INFO: [ app_init ] --END-- [ RunTime:0.000000s ]
ERR: 非法操作:aw

[ 2015-08-12T00:17:55+08:00 ] 127.0.0.1 /test/new_project_network/network/index.php/Home/User/aw
INFO: [ app_init ] --START--
INFO: Run Behavior\BuildLiteBehavior [ RunTime:0.000000s ]
INFO: [ app_init ] --END-- [ RunTime:0.001000s ]
ERR: 非法操作:aw

[ 2015-08-12T00:17:57+08:00 ] 127.0.0.1 /test/new_project_network/network/index.php/Home/User/aw
INFO: [ app_init ] --START--
INFO: Run Behavior\BuildLiteBehavior [ RunTime:0.000000s ]
INFO: [ app_init ] --END-- [ RunTime:0.001000s ]
ERR: 非法操作:aw

[ 2015-08-12T00:21:50+08:00 ] 127.0.0.1 /test/new_project_network/network/index.php/Home/User/index.html
INFO: [ app_init ] --START--
INFO: Run Behavior\BuildLiteBehavior [ RunTime:0.000000s ]
INFO: [ app_init ] --END-- [ RunTime:0.001000s ]

[ 2015-08-12T00:24:44+08:00 ] 127.0.0.1 /test/new_project_network/network/index.php/Home/User/index.html
INFO: [ app_init ] --START--
INFO: Run Behavior\BuildLiteBehavior [ RunTime:0.000000s ]
INFO: [ app_init ] --END-- [ RunTime:0.001000s ]

[ 2015-08-12T00:35:50+08:00 ] 127.0.0.1 /test/new_project_network/network/index.php/Home/User/index.html
INFO: [ app_init ] --START--
INFO: Run Behavior\BuildLiteBehavior [ RunTime:0.000000s ]
INFO: [ app_init ] --END-- [ RunTime:0.007001s ]

[ 2015-08-12T00:36:31+08:00 ] 127.0.0.1 /test/new_project_network/network/index.php/Home/User/index.html
INFO: [ app_init ] --START--
INFO: Run Behavior\BuildLiteBehavior [ RunTime:0.000000s ]
INFO: [ app_init ] --END-- [ RunTime:0.001000s ]

[ 2015-08-12T00:52:16+08:00 ] 127.0.0.1 /test/new_project_network/network/index.php/Home/User/login
INFO: [ app_init ] --START--
INFO: Run Behavior\BuildLiteBehavior [ RunTime:0.000000s ]
INFO: [ app_init ] --END-- [ RunTime:0.004001s ]

[ 2015-08-12T00:52:41+08:00 ] 127.0.0.1 /test/new_project_network/network/index.php/Home/User/
INFO: [ app_init ] --START--
INFO: Run Behavior\BuildLiteBehavior [ RunTime:0.000000s ]
INFO: [ app_init ] --END-- [ RunTime:0.001001s ]

[ 2015-08-12T01:14:57+08:00 ] 127.0.0.1 /test/new_project_network/network/index.php/Home/User//data
INFO: [ app_init ] --START--
INFO: Run Behavior\BuildLiteBehavior [ RunTime:0.000000s ]
INFO: [ app_init ] --END-- [ RunTime:0.004000s ]

[ 2015-08-12T01:15:25+08:00 ] 127.0.0.1 /test/new_project_network/network/index.php/Home/User//data
INFO: [ app_init ] --START--
INFO: Run Behavior\BuildLiteBehavior [ RunTime:0.000000s ]
INFO: [ app_init ] --END-- [ RunTime:0.001000s ]

[ 2015-08-12T01:15:46+08:00 ] 127.0.0.1 /test/new_project_network/network/index.php/Home/User/
INFO: [ app_init ] --START--
INFO: Run Behavior\BuildLiteBehavior [ RunTime:0.000000s ]
INFO: [ app_init ] --END-- [ RunTime:0.002000s ]

[ 2015-08-12T01:16:43+08:00 ] 127.0.0.1 /test/new_project_network/network/index.php/Home/User/
INFO: [ app_init ] --START--
INFO: Run Behavior\BuildLiteBehavior [ RunTime:0.000000s ]
INFO: [ app_init ] --END-- [ RunTime:0.001000s ]

[ 2015-08-12T01:17:29+08:00 ] 127.0.0.1 /test/new_project_network/network/index.php/Home/User/
INFO: [ app_init ] --START--
INFO: Run Behavior\BuildLiteBehavior [ RunTime:0.000000s ]
INFO: [ app_init ] --END-- [ RunTime:0.001001s ]

[ 2015-08-12T01:17:46+08:00 ] 127.0.0.1 /test/new_project_network/network/index.php/Home/User/
INFO: [ app_init ] --START--
INFO: Run Behavior\BuildLiteBehavior [ RunTime:0.000000s ]
INFO: [ app_init ] --END-- [ RunTime:0.001000s ]

[ 2015-08-12T01:18:20+08:00 ] 127.0.0.1 /test/new_project_network/network/index.php/Home/User/
INFO: [ app_init ] --START--
INFO: Run Behavior\BuildLiteBehavior [ RunTime:0.000000s ]
INFO: [ app_init ] --END-- [ RunTime:0.003000s ]

[ 2015-08-12T01:18:30+08:00 ] 127.0.0.1 /test/new_project_network/network/index.php/Home/User//data
INFO: [ app_init ] --START--
INFO: Run Behavior\BuildLiteBehavior [ RunTime:0.000000s ]
INFO: [ app_init ] --END-- [ RunTime:0.006000s ]

[ 2015-08-12T01:19:23+08:00 ] 127.0.0.1 /test/new_project_network/network/index.php/Home/User//data
INFO: [ app_init ] --START--
INFO: Run Behavior\BuildLiteBehavior [ RunTime:0.000000s ]
INFO: [ app_init ] --END-- [ RunTime:0.004000s ]

[ 2015-08-12T01:19:29+08:00 ] 127.0.0.1 /test/new_project_network/network/index.php/Home/User/
INFO: [ app_init ] --START--
INFO: Run Behavior\BuildLiteBehavior [ RunTime:0.000000s ]
INFO: [ app_init ] --END-- [ RunTime:0.001000s ]

[ 2015-08-12T01:19:58+08:00 ] 127.0.0.1 /test/new_project_network/network/index.php/Home/User/data.html
INFO: [ app_init ] --START--
INFO: Run Behavior\BuildLiteBehavior [ RunTime:0.000000s ]
INFO: [ app_init ] --END-- [ RunTime:0.004000s ]

[ 2015-08-12T01:20:08+08:00 ] 127.0.0.1 /test/new_project_network/network/index.php/Home/User/data
INFO: [ app_init ] --START--
INFO: Run Behavior\BuildLiteBehavior [ RunTime:0.000000s ]
INFO: [ app_init ] --END-- [ RunTime:0.001000s ]

[ 2015-08-12T01:20:31+08:00 ] 127.0.0.1 /test/new_project_network/network/index.php/Home/User/
INFO: [ app_init ] --START--
INFO: Run Behavior\BuildLiteBehavior [ RunTime:0.000000s ]
INFO: [ app_init ] --END-- [ RunTime:0.002000s ]

[ 2015-08-12T01:20:34+08:00 ] 127.0.0.1 /test/new_project_network/network/index.php/Home/User/data.html
INFO: [ app_init ] --START--
INFO: Run Behavior\BuildLiteBehavior [ RunTime:0.000000s ]
INFO: [ app_init ] --END-- [ RunTime:0.001000s ]

[ 2015-08-12T01:21:59+08:00 ] 127.0.0.1 /test/new_project_network/network/index.php/Home/User/data.html
INFO: [ app_init ] --START--
INFO: Run Behavior\BuildLiteBehavior [ RunTime:0.000000s ]
INFO: [ app_init ] --END-- [ RunTime:0.001000s ]

[ 2015-08-12T01:22:04+08:00 ] 127.0.0.1 /test/new_project_network/network/index.php/Home/User/data.html
INFO: [ app_init ] --START--
INFO: Run Behavior\BuildLiteBehavior [ RunTime:0.000000s ]
INFO: [ app_init ] --END-- [ RunTime:0.001000s ]

[ 2015-08-12T01:22:23+08:00 ] 127.0.0.1 /test/new_project_network/network/index.php/Home/User/data.html
INFO: [ app_init ] --START--
INFO: Run Behavior\BuildLiteBehavior [ RunTime:0.000000s ]
INFO: [ app_init ] --END-- [ RunTime:0.001000s ]

[ 2015-08-12T01:36:17+08:00 ] 127.0.0.1 /test/new_project_network/network/index.php/Home/User/index.html
INFO: [ app_init ] --START--
INFO: Run Behavior\BuildLiteBehavior [ RunTime:0.000000s ]
INFO: [ app_init ] --END-- [ RunTime:0.002000s ]

[ 2015-08-12T01:36:37+08:00 ] 127.0.0.1 /test/new_project_network/network/index.php/Home/User/index.html
INFO: [ app_init ] --START--
INFO: Run Behavior\BuildLiteBehavior [ RunTime:0.000000s ]
INFO: [ app_init ] --END-- [ RunTime:0.000000s ]

[ 2015-08-12T01:38:18+08:00 ] 127.0.0.1 /test/new_project_network/network/index.php/Home/User/index.html
INFO: [ app_init ] --START--
INFO: Run Behavior\BuildLiteBehavior [ RunTime:0.000000s ]
INFO: [ app_init ] --END-- [ RunTime:0.001000s ]

[ 2015-08-12T01:38:36+08:00 ] 127.0.0.1 /test/new_project_network/network/index.php/Home/User/index.html
INFO: [ app_init ] --START--
INFO: Run Behavior\BuildLiteBehavior [ RunTime:0.000000s ]
INFO: [ app_init ] --END-- [ RunTime:0.001000s ]

[ 2015-08-12T01:38:50+08:00 ] 127.0.0.1 /test/new_project_network/network/index.php/Home/User/login
INFO: [ app_init ] --START--
INFO: Run Behavior\BuildLiteBehavior [ RunTime:0.000000s ]
INFO: [ app_init ] --END-- [ RunTime:0.001000s ]

[ 2015-08-12T01:39:27+08:00 ] 127.0.0.1 /test/new_project_network/network/index.php/Home/User/login
INFO: [ app_init ] --START--
INFO: Run Behavior\BuildLiteBehavior [ RunTime:0.000000s ]
INFO: [ app_init ] --END-- [ RunTime:0.002000s ]

[ 2015-08-12T01:47:55+08:00 ] 127.0.0.1 /test/new_project_network/network/index.php/Home/User/index.html
INFO: [ app_init ] --START--
INFO: Run Behavior\BuildLiteBehavior [ RunTime:0.000000s ]
INFO: [ app_init ] --END-- [ RunTime:0.001000s ]

[ 2015-08-12T01:48:08+08:00 ] 127.0.0.1 /test/new_project_network/network/index.php/Home/User/index.html
INFO: [ app_init ] --START--
INFO: Run Behavior\BuildLiteBehavior [ RunTime:0.001000s ]
INFO: [ app_init ] --END-- [ RunTime:0.001000s ]

[ 2015-08-12T02:04:30+08:00 ] 127.0.0.1 /test/new_project_network/network/index.php/Home/User/index.html
INFO: [ app_init ] --START--
INFO: Run Behavior\BuildLiteBehavior [ RunTime:0.000000s ]
INFO: [ app_init ] --END-- [ RunTime:0.001000s ]

[ 2015-08-12T02:05:49+08:00 ] 127.0.0.1 /test/new_project_network/network/index.php/Home/User/index.html
INFO: [ app_init ] --START--
INFO: Run Behavior\BuildLiteBehavior [ RunTime:0.000000s ]
INFO: [ app_init ] --END-- [ RunTime:0.002001s ]

[ 2015-08-12T02:06:23+08:00 ] 127.0.0.1 /test/new_project_network/network/index.php/Home/User/index.html
INFO: [ app_init ] --START--
INFO: Run Behavior\BuildLiteBehavior [ RunTime:0.000000s ]
INFO: [ app_init ] --END-- [ RunTime:0.001000s ]

[ 2015-08-12T02:07:52+08:00 ] 127.0.0.1 /test/new_project_network/network/index.php/Home/User/index.html
INFO: [ app_init ] --START--
INFO: Run Behavior\BuildLiteBehavior [ RunTime:0.000000s ]
INFO: [ app_init ] --END-- [ RunTime:0.001000s ]

[ 2015-08-12T02:08:07+08:00 ] 127.0.0.1 /test/new_project_network/network/index.php/Home/User/index.html
INFO: [ app_init ] --START--
INFO: Run Behavior\BuildLiteBehavior [ RunTime:0.000000s ]
INFO: [ app_init ] --END-- [ RunTime:0.001000s ]

[ 2015-08-12T02:36:10+08:00 ] 127.0.0.1 /test/new_project_network/network/index.php/Home/User/data
INFO: [ app_init ] --START--
INFO: Run Behavior\BuildLiteBehavior [ RunTime:0.000000s ]
INFO: [ app_init ] --END-- [ RunTime:0.004000s ]

[ 2015-08-12T02:36:32+08:00 ] 127.0.0.1 /test/new_project_network/network/index.php/Home/User/data
INFO: [ app_init ] --START--
INFO: Run Behavior\BuildLiteBehavior [ RunTime:0.000000s ]
INFO: [ app_init ] --END-- [ RunTime:0.002000s ]

[ 2015-08-12T02:37:57+08:00 ] 127.0.0.1 /test/new_project_network/network/index.php/Home/User/data
INFO: [ app_init ] --START--
INFO: Run Behavior\BuildLiteBehavior [ RunTime:0.000000s ]
INFO: [ app_init ] --END-- [ RunTime:0.001000s ]

[ 2015-08-12T02:38:30+08:00 ] 127.0.0.1 /test/new_project_network/network/index.php/Home/User/data
INFO: [ app_init ] --START--
INFO: Run Behavior\BuildLiteBehavior [ RunTime:0.000000s ]
INFO: [ app_init ] --END-- [ RunTime:0.002001s ]

[ 2015-08-12T02:38:37+08:00 ] 127.0.0.1 /test/new_project_network/network/index.php/Home/User/data
INFO: [ app_init ] --START--
INFO: Run Behavior\BuildLiteBehavior [ RunTime:0.000000s ]
INFO: [ app_init ] --END-- [ RunTime:0.001000s ]

[ 2015-08-12T02:40:12+08:00 ] 127.0.0.1 /test/new_project_network/network/index.php/Home/User/data
INFO: [ app_init ] --START--
INFO: Run Behavior\BuildLiteBehavior [ RunTime:0.000000s ]
INFO: [ app_init ] --END-- [ RunTime:0.002000s ]

[ 2015-08-12T02:40:15+08:00 ] 127.0.0.1 /test/new_project_network/network/index.php/Home/User/data
INFO: [ app_init ] --START--
INFO: Run Behavior\BuildLiteBehavior [ RunTime:0.000000s ]
INFO: [ app_init ] --END-- [ RunTime:0.001000s ]

[ 2015-08-12T02:44:16+08:00 ] 127.0.0.1 /test/new_project_network/network/index.php/Home/User/data
INFO: [ app_init ] --START--
INFO: Run Behavior\BuildLiteBehavior [ RunTime:0.000000s ]
INFO: [ app_init ] --END-- [ RunTime:0.002000s ]

[ 2015-08-12T02:45:21+08:00 ] 127.0.0.1 /test/new_project_network/network/index.php/Home/User/data
INFO: [ app_init ] --START--
INFO: Run Behavior\BuildLiteBehavior [ RunTime:0.000000s ]
INFO: [ app_init ] --END-- [ RunTime:0.001000s ]

[ 2015-08-12T02:48:36+08:00 ] 127.0.0.1 /test/new_project_network/network/index.php/Home/User/
INFO: [ app_init ] --START--
INFO: Run Behavior\BuildLiteBehavior [ RunTime:0.000000s ]
INFO: [ app_init ] --END-- [ RunTime:0.002000s ]

[ 2015-08-12T02:48:51+08:00 ] 127.0.0.1 /test/new_project_network/network/index.php/Home/User/aw
INFO: [ app_init ] --START--
INFO: Run Behavior\BuildLiteBehavior [ RunTime:0.000000s ]
INFO: [ app_init ] --END-- [ RunTime:0.001000s ]
ERR: 非法操作:aw

[ 2015-08-12T02:49:24+08:00 ] 127.0.0.1 /test/new_project_network/network/index.php/Home/User/
INFO: [ app_init ] --START--
INFO: Run Behavior\BuildLiteBehavior [ RunTime:0.000000s ]
INFO: [ app_init ] --END-- [ RunTime:0.001000s ]

[ 2015-08-12T02:50:01+08:00 ] 127.0.0.1 /test/new_project_network/network/index.php/Home/User/aw
INFO: [ app_init ] --START--
INFO: Run Behavior\BuildLiteBehavior [ RunTime:0.000000s ]
INFO: [ app_init ] --END-- [ RunTime:0.001000s ]
ERR: 非法操作:aw

[ 2015-08-12T02:52:41+08:00 ] 127.0.0.1 /test/new_project_network/network/index.php/Home/User/data
INFO: [ app_init ] --START--
INFO: Run Behavior\BuildLiteBehavior [ RunTime:0.000000s ]
INFO: [ app_init ] --END-- [ RunTime:0.001000s ]

[ 2015-08-12T02:57:16+08:00 ] 127.0.0.1 /test/new_project_network/network/index.php/Home/User/data.html
INFO: [ app_init ] --START--
INFO: Run Behavior\BuildLiteBehavior [ RunTime:0.000000s ]
INFO: [ app_init ] --END-- [ RunTime:0.001000s ]

[ 2015-08-12T03:19:49+08:00 ] 127.0.0.1 /test/new_project_network/network/index.php/Home/User/data
INFO: [ app_init ] --START--
INFO: Run Behavior\BuildLiteBehavior [ RunTime:0.000000s ]
INFO: [ app_init ] --END-- [ RunTime:0.006001s ]

[ 2015-08-12T03:21:08+08:00 ] 127.0.0.1 /test/new_project_network/network/index.php/Home/User/data
INFO: [ app_init ] --START--
INFO: Run Behavior\BuildLiteBehavior [ RunTime:0.000000s ]
INFO: [ app_init ] --END-- [ RunTime:0.002000s ]

[ 2015-08-12T03:21:50+08:00 ] 127.0.0.1 /test/new_project_network/network/index.php/Home/User/data
INFO: [ app_init ] --START--
INFO: Run Behavior\BuildLiteBehavior [ RunTime:0.000000s ]
INFO: [ app_init ] --END-- [ RunTime:0.002000s ]

[ 2015-08-12T03:21:51+08:00 ] 127.0.0.1 /test/new_project_network/network/index.php/Home/User/data
INFO: [ app_init ] --START--
INFO: Run Behavior\BuildLiteBehavior [ RunTime:0.000000s ]
INFO: [ app_init ] --END-- [ RunTime:0.001000s ]

[ 2015-08-12T03:21:51+08:00 ] 127.0.0.1 /test/new_project_network/network/index.php/Home/User/data
INFO: [ app_init ] --START--
INFO: Run Behavior\BuildLiteBehavior [ RunTime:0.000000s ]
INFO: [ app_init ] --END-- [ RunTime:0.001000s ]

[ 2015-08-12T03:22:07+08:00 ] 127.0.0.1 /test/new_project_network/network/index.php/Home/User/data
INFO: [ app_init ] --START--
INFO: Run Behavior\BuildLiteBehavior [ RunTime:0.000000s ]
INFO: [ app_init ] --END-- [ RunTime:0.001000s ]

[ 2015-08-12T12:25:23+08:00 ] 127.0.0.1 /test/new_project_network/network/
INFO: [ app_init ] --START--
INFO: Run Behavior\BuildLiteBehavior [ RunTime:0.000000s ]
INFO: [ app_init ] --END-- [ RunTime:0.001000s ]

[ 2015-08-12T12:25:23+08:00 ] 127.0.0.1 /test/new_project_network/network/index.php/Home/User
INFO: [ app_init ] --START--
INFO: Run Behavior\BuildLiteBehavior [ RunTime:0.000000s ]
INFO: [ app_init ] --END-- [ RunTime:0.001000s ]

[ 2015-08-12T12:25:44+08:00 ] 127.0.0.1 /test/new_project_network/network/index.php/Home/User
INFO: [ app_init ] --START--
INFO: Run Behavior\BuildLiteBehavior [ RunTime:0.000000s ]
INFO: [ app_init ] --END-- [ RunTime:0.001000s ]

[ 2015-08-12T12:26:37+08:00 ] 127.0.0.1 /test/new_project_network/network/index.php/Home/aw
INFO: [ app_init ] --START--
INFO: Run Behavior\BuildLiteBehavior [ RunTime:0.000000s ]
INFO: [ app_init ] --END-- [ RunTime:0.001000s ]
ERR: 无法加载控制器:Aw

[ 2015-08-12T12:26:39+08:00 ] 127.0.0.1 /test/new_project_network/network/index.php/Home/aw
INFO: [ app_init ] --START--
INFO: Run Behavior\BuildLiteBehavior [ RunTime:0.000000s ]
INFO: [ app_init ] --END-- [ RunTime:0.002000s ]
ERR: 无法加载控制器:Aw

[ 2015-08-12T12:27:20+08:00 ] 127.0.0.1 /test/new_project_network/network/index.php/Home/data.html
INFO: [ app_init ] --START--
INFO: Run Behavior\BuildLiteBehavior [ RunTime:0.000000s ]
INFO: [ app_init ] --END-- [ RunTime:0.000000s ]
ERR: 非法操作:index

[ 2015-08-12T12:27:44+08:00 ] 127.0.0.1 /test/new_project_network/network/index.php/Home/user
INFO: [ app_init ] --START--
INFO: Run Behavior\BuildLiteBehavior [ RunTime:0.000000s ]
INFO: [ app_init ] --END-- [ RunTime:0.000000s ]

[ 2015-08-12T12:27:47+08:00 ] 127.0.0.1 /test/new_project_network/network/index.php/Home/data.html
INFO: [ app_init ] --START--
INFO: Run Behavior\BuildLiteBehavior [ RunTime:0.000000s ]
INFO: [ app_init ] --END-- [ RunTime:0.001000s ]
ERR: 非法操作:index

[ 2015-08-12T12:28:19+08:00 ] 127.0.0.1 /test/new_project_network/network/index.php/Home/userdata.html
INFO: [ app_init ] --START--
INFO: Run Behavior\BuildLiteBehavior [ RunTime:0.000000s ]
INFO: [ app_init ] --END-- [ RunTime:0.001000s ]
ERR: 无法加载控制器:Userdata

[ 2015-08-12T12:28:27+08:00 ] 127.0.0.1 /test/new_project_network/network/index.php/Home/user/data.html
INFO: [ app_init ] --START--
INFO: Run Behavior\BuildLiteBehavior [ RunTime:0.000000s ]
INFO: [ app_init ] --END-- [ RunTime:0.001000s ]

[ 2015-08-12T12:32:26+08:00 ] 127.0.0.1 /test/new_project_network/network/index.php/Home/user/data.html
INFO: [ app_init ] --START--
INFO: Run Behavior\BuildLiteBehavior [ RunTime:0.000000s ]
INFO: [ app_init ] --END-- [ RunTime:0.001000s ]

[ 2015-08-12T12:32:38+08:00 ] 127.0.0.1 /test/new_project_network/network/index.php/Home/user/data.html
INFO: [ app_init ] --START--
INFO: Run Behavior\BuildLiteBehavior [ RunTime:0.000000s ]
INFO: [ app_init ] --END-- [ RunTime:0.001000s ]

[ 2015-08-12T12:37:12+08:00 ] 127.0.0.1 /test/new_project_network/network/index.php/Home/user/index.html
INFO: [ app_init ] --START--
INFO: Run Behavior\BuildLiteBehavior [ RunTime:0.000000s ]
INFO: [ app_init ] --END-- [ RunTime:0.001000s ]

[ 2015-08-12T12:37:32+08:00 ] 127.0.0.1 /test/new_project_network/network/index.php/Home/user/map.html
INFO: [ app_init ] --START--
INFO: Run Behavior\BuildLiteBehavior [ RunTime:0.000000s ]
INFO: [ app_init ] --END-- [ RunTime:0.000000s ]

[ 2015-08-12T12:37:35+08:00 ] 127.0.0.1 /test/new_project_network/network/index.php/Home/user/index.html
INFO: [ app_init ] --START--
INFO: Run Behavior\BuildLiteBehavior [ RunTime:0.000000s ]
INFO: [ app_init ] --END-- [ RunTime:0.008000s ]

[ 2015-08-12T12:37:50+08:00 ] 127.0.0.1 /test/new_project_network/network/index.php/Home/user/data.html
INFO: [ app_init ] --START--
INFO: Run Behavior\BuildLiteBehavior [ RunTime:0.000000s ]
INFO: [ app_init ] --END-- [ RunTime:0.001000s ]

[ 2015-08-12T12:41:19+08:00 ] 127.0.0.1 /test/new_project_network/network/
INFO: [ app_init ] --START--
INFO: Run Behavior\BuildLiteBehavior [ RunTime:0.000000s ]
INFO: [ app_init ] --END-- [ RunTime:0.001000s ]

[ 2015-08-12T12:41:19+08:00 ] 127.0.0.1 /test/new_project_network/network/index.php/Home/User
INFO: [ app_init ] --START--
INFO: Run Behavior\BuildLiteBehavior [ RunTime:0.000000s ]
INFO: [ app_init ] --END-- [ RunTime:0.001001s ]

[ 2015-08-12T12:41:24+08:00 ] 127.0.0.1 /test/new_project_network/network/index.php/Home/User
INFO: [ app_init ] --START--
INFO: Run Behavior\BuildLiteBehavior [ RunTime:0.000000s ]
INFO: [ app_init ] --END-- [ RunTime:0.002000s ]

[ 2015-08-12T12:42:21+08:00 ] 127.0.0.1 /test/new_project_network/network/index.php/Home/User
INFO: [ app_init ] --START--
INFO: Run Behavior\BuildLiteBehavior [ RunTime:0.000000s ]
INFO: [ app_init ] --END-- [ RunTime:0.001000s ]

[ 2015-08-12T12:42:24+08:00 ] 127.0.0.1 /test/new_project_network/network/index.php/Home/User
INFO: [ app_init ] --START--
INFO: Run Behavior\BuildLiteBehavior [ RunTime:0.000000s ]
INFO: [ app_init ] --END-- [ RunTime:0.002000s ]

[ 2015-08-12T12:43:40+08:00 ] 127.0.0.1 /test/new_project_network/network/index.php/Home/data.html
INFO: [ app_init ] --START--
INFO: Run Behavior\BuildLiteBehavior [ RunTime:0.000000s ]
INFO: [ app_init ] --END-- [ RunTime:0.001000s ]
ERR: 非法操作:index

[ 2015-08-12T12:43:52+08:00 ] 127.0.0.1 /test/new_project_network/network/index.php/Home/userdata.html
INFO: [ app_init ] --START--
INFO: Run Behavior\BuildLiteBehavior [ RunTime:0.000000s ]
INFO: [ app_init ] --END-- [ RunTime:0.001000s ]
ERR: 无法加载控制器:Userdata

[ 2015-08-12T12:43:57+08:00 ] 127.0.0.1 /test/new_project_network/network/index.php/Home/user/data.html
INFO: [ app_init ] --START--
INFO: Run Behavior\BuildLiteBehavior [ RunTime:0.000000s ]
INFO: [ app_init ] --END-- [ RunTime:0.002000s ]

[ 2015-08-12T12:44:00+08:00 ] 127.0.0.1 /test/new_project_network/network/index.php/Home/user/index.html
INFO: [ app_init ] --START--
INFO: Run Behavior\BuildLiteBehavior [ RunTime:0.000000s ]
INFO: [ app_init ] --END-- [ RunTime:0.001000s ]

[ 2015-08-12T12:44:04+08:00 ] 127.0.0.1 /test/new_project_network/network/index.php/Home/user/data.html
INFO: [ app_init ] --START--
INFO: Run Behavior\BuildLiteBehavior [ RunTime:0.000000s ]
INFO: [ app_init ] --END-- [ RunTime:0.000000s ]

[ 2015-08-12T12:44:05+08:00 ] 127.0.0.1 /test/new_project_network/network/index.php/Home/user/data.html
INFO: [ app_init ] --START--
INFO: Run Behavior\BuildLiteBehavior [ RunTime:0.000000s ]
INFO: [ app_init ] --END-- [ RunTime:0.001000s ]

[ 2015-08-12T12:44:15+08:00 ] 127.0.0.1 /test/new_project_network/network/
INFO: [ app_init ] --START--
INFO: Run Behavior\BuildLiteBehavior [ RunTime:0.000000s ]
INFO: [ app_init ] --END-- [ RunTime:0.000000s ]

[ 2015-08-12T12:44:15+08:00 ] 127.0.0.1 /test/new_project_network/network/index.php/Home/User
INFO: [ app_init ] --START--
INFO: Run Behavior\BuildLiteBehavior [ RunTime:0.000000s ]
INFO: [ app_init ] --END-- [ RunTime:0.001000s ]

[ 2015-08-12T12:44:20+08:00 ] 127.0.0.1 /test/new_project_network/network/index.php/Home/data.html
INFO: [ app_init ] --START--
INFO: Run Behavior\BuildLiteBehavior [ RunTime:0.001000s ]
INFO: [ app_init ] --END-- [ RunTime:0.003001s ]
ERR: 非法操作:index

[ 2015-08-12T12:44:59+08:00 ] 127.0.0.1 /test/new_project_network/network/
INFO: [ app_init ] --START--
INFO: Run Behavior\BuildLiteBehavior [ RunTime:0.000000s ]
INFO: [ app_init ] --END-- [ RunTime:0.000000s ]

[ 2015-08-12T12:44:59+08:00 ] 127.0.0.1 /test/new_project_network/network/index.php/Home/Userindex
INFO: [ app_init ] --START--
INFO: Run Behavior\BuildLiteBehavior [ RunTime:0.000000s ]
INFO: [ app_init ] --END-- [ RunTime:0.001000s ]
ERR: 无法加载控制器:Userindex

[ 2015-08-12T12:45:10+08:00 ] 127.0.0.1 /test/new_project_network/network/index.php/Home/Userindex
INFO: [ app_init ] --START--
INFO: Run Behavior\BuildLiteBehavior [ RunTime:0.000000s ]
INFO: [ app_init ] --END-- [ RunTime:0.001000s ]
ERR: 无法加载控制器:Userindex

[ 2015-08-12T12:45:14+08:00 ] 127.0.0.1 /test/new_project_network/network/
INFO: [ app_init ] --START--
INFO: Run Behavior\BuildLiteBehavior [ RunTime:0.000000s ]
INFO: [ app_init ] --END-- [ RunTime:0.000000s ]

[ 2015-08-12T12:45:14+08:00 ] 127.0.0.1 /test/new_project_network/network/index.php/Home/User/index
INFO: [ app_init ] --START--
INFO: Run Behavior\BuildLiteBehavior [ RunTime:0.000000s ]
INFO: [ app_init ] --END-- [ RunTime:0.001000s ]

[ 2015-08-12T12:45:17+08:00 ] 127.0.0.1 /test/new_project_network/network/index.php/Home/User/data.html
INFO: [ app_init ] --START--
INFO: Run Behavior\BuildLiteBehavior [ RunTime:0.000000s ]
INFO: [ app_init ] --END-- [ RunTime:0.000000s ]

[ 2015-08-12T12:45:22+08:00 ] 127.0.0.1 /test/new_project_network/network/index.php/Home/User/index.html
INFO: [ app_init ] --START--
INFO: Run Behavior\BuildLiteBehavior [ RunTime:0.000000s ]
INFO: [ app_init ] --END-- [ RunTime:0.001000s ]

[ 2015-08-12T12:46:16+08:00 ] 127.0.0.1 /test/new_project_network/network/index.php/Home/User/index.html
INFO: [ app_init ] --START--
INFO: Run Behavior\BuildLiteBehavior [ RunTime:0.000000s ]
INFO: [ app_init ] --END-- [ RunTime:0.001000s ]

[ 2015-08-12T12:46:18+08:00 ] 127.0.0.1 /test/new_project_network/network/index.php/Home/User/index.html
INFO: [ app_init ] --START--
INFO: Run Behavior\BuildLiteBehavior [ RunTime:0.000000s ]
INFO: [ app_init ] --END-- [ RunTime:0.001000s ]

[ 2015-08-12T13:01:16+08:00 ] 127.0.0.1 /test/new_project_network/network/index.php/Home/user/index.html
INFO: [ app_init ] --START--
INFO: Run Behavior\BuildLiteBehavior [ RunTime:0.000000s ]
INFO: [ app_init ] --END-- [ RunTime:0.009001s ]

[ 2015-08-12T13:01:19+08:00 ] 127.0.0.1 /test/new_project_network/network/index.php/Home/user/data.html
INFO: [ app_init ] --START--
INFO: Run Behavior\BuildLiteBehavior [ RunTime:0.000000s ]
INFO: [ app_init ] --END-- [ RunTime:0.001000s ]

[ 2015-08-12T13:01:23+08:00 ] 127.0.0.1 /test/new_project_network/network/index.php/Home/user/data.html
INFO: [ app_init ] --START--
INFO: Run Behavior\BuildLiteBehavior [ RunTime:0.000000s ]
INFO: [ app_init ] --END-- [ RunTime:0.003000s ]

[ 2015-08-12T13:02:00+08:00 ] 127.0.0.1 /test/new_project_network/network/index.php/Home/user/data.html
INFO: [ app_init ] --START--
INFO: Run Behavior\BuildLiteBehavior [ RunTime:0.000000s ]
INFO: [ app_init ] --END-- [ RunTime:0.001000s ]

[ 2015-08-12T13:04:06+08:00 ] 127.0.0.1 /test/new_project_network/network/index.php/Home/user/data.html
INFO: [ app_init ] --START--
INFO: Run Behavior\BuildLiteBehavior [ RunTime:0.000000s ]
INFO: [ app_init ] --END-- [ RunTime:0.002000s ]

[ 2015-08-12T13:04:54+08:00 ] 127.0.0.1 /test/new_project_network/network/index.php/Home/user/data.html
INFO: [ app_init ] --START--
INFO: Run Behavior\BuildLiteBehavior [ RunTime:0.000000s ]
INFO: [ app_init ] --END-- [ RunTime:0.000000s ]

[ 2015-08-12T13:04:55+08:00 ] 127.0.0.1 /test/new_project_network/network/index.php/Home/user/data.html
INFO: [ app_init ] --START--
INFO: Run Behavior\BuildLiteBehavior [ RunTime:0.000000s ]
INFO: [ app_init ] --END-- [ RunTime:0.001000s ]

[ 2015-08-12T13:04:56+08:00 ] 127.0.0.1 /test/new_project_network/network/index.php/Home/user/data.html
INFO: [ app_init ] --START--
INFO: Run Behavior\BuildLiteBehavior [ RunTime:0.000000s ]
INFO: [ app_init ] --END-- [ RunTime:0.001000s ]

[ 2015-08-12T13:04:56+08:00 ] 127.0.0.1 /test/new_project_network/network/index.php/Home/user/data.html
INFO: [ app_init ] --START--
INFO: Run Behavior\BuildLiteBehavior [ RunTime:0.001000s ]
INFO: [ app_init ] --END-- [ RunTime:0.002000s ]

[ 2015-08-12T13:04:56+08:00 ] 127.0.0.1 /test/new_project_network/network/index.php/Home/user/data.html
INFO: [ app_init ] --START--
INFO: Run Behavior\BuildLiteBehavior [ RunTime:0.000000s ]
INFO: [ app_init ] --END-- [ RunTime:0.009000s ]

[ 2015-08-12T13:05:11+08:00 ] 127.0.0.1 /test/new_project_network/network/index.php/Home/user/data.html
INFO: [ app_init ] --START--
INFO: Run Behavior\BuildLiteBehavior [ RunTime:0.000000s ]
INFO: [ app_init ] --END-- [ RunTime:0.001000s ]

[ 2015-08-12T13:05:13+08:00 ] 127.0.0.1 /test/new_project_network/network/index.php/Home/user/data.html
INFO: [ app_init ] --START--
INFO: Run Behavior\BuildLiteBehavior [ RunTime:0.000000s ]
INFO: [ app_init ] --END-- [ RunTime:0.001000s ]

[ 2015-08-12T13:05:47+08:00 ] 127.0.0.1 /test/new_project_network/network/index.php/Home/user/data.html
INFO: [ app_init ] --START--
INFO: Run Behavior\BuildLiteBehavior [ RunTime:0.000000s ]
INFO: [ app_init ] --END-- [ RunTime:0.001000s ]

[ 2015-08-12T13:06:50+08:00 ] 127.0.0.1 /test/new_project_network/network/index.php/Home/user/data.html
INFO: [ app_init ] --START--
INFO: Run Behavior\BuildLiteBehavior [ RunTime:0.000000s ]
INFO: [ app_init ] --END-- [ RunTime:0.001000s ]

[ 2015-08-12T13:07:38+08:00 ] 127.0.0.1 /test/new_project_network/network/index.php/Home/user/data.html
INFO: [ app_init ] --START--
INFO: Run Behavior\BuildLiteBehavior [ RunTime:0.000000s ]
INFO: [ app_init ] --END-- [ RunTime:0.002000s ]

[ 2015-08-12T13:08:05+08:00 ] 127.0.0.1 /test/new_project_network/network/index.php/Home/user/data.html
INFO: [ app_init ] --START--
INFO: Run Behavior\BuildLiteBehavior [ RunTime:0.000000s ]
INFO: [ app_init ] --END-- [ RunTime:0.001000s ]

[ 2015-08-12T13:08:06+08:00 ] 127.0.0.1 /test/new_project_network/network/index.php/Home/user/data.html
INFO: [ app_init ] --START--
INFO: Run Behavior\BuildLiteBehavior [ RunTime:0.000000s ]
INFO: [ app_init ] --END-- [ RunTime:0.001000s ]

[ 2015-08-12T13:08:06+08:00 ] 127.0.0.1 /test/new_project_network/network/index.php/Home/user/data.html
INFO: [ app_init ] --START--
INFO: Run Behavior\BuildLiteBehavior [ RunTime:0.000000s ]
INFO: [ app_init ] --END-- [ RunTime:0.001000s ]

[ 2015-08-12T13:09:35+08:00 ] 127.0.0.1 /test/new_project_network/network/index.php/Home/user/data.html
INFO: [ app_init ] --START--
INFO: Run Behavior\BuildLiteBehavior [ RunTime:0.000000s ]
INFO: [ app_init ] --END-- [ RunTime:0.001000s ]

[ 2015-08-12T13:09:36+08:00 ] 127.0.0.1 /test/new_project_network/network/index.php/Home/user/data.html
INFO: [ app_init ] --START--
INFO: Run Behavior\BuildLiteBehavior [ RunTime:0.000000s ]
INFO: [ app_init ] --END-- [ RunTime:0.000000s ]

[ 2015-08-12T13:09:37+08:00 ] 127.0.0.1 /test/new_project_network/network/index.php/Home/user/data.html
INFO: [ app_init ] --START--
INFO: Run Behavior\BuildLiteBehavior [ RunTime:0.000000s ]
INFO: [ app_init ] --END-- [ RunTime:0.001000s ]

[ 2015-08-12T13:09:37+08:00 ] 127.0.0.1 /test/new_project_network/network/index.php/Home/user/data.html
INFO: [ app_init ] --START--
INFO: Run Behavior\BuildLiteBehavior [ RunTime:0.000000s ]
INFO: [ app_init ] --END-- [ RunTime:0.001001s ]

[ 2015-08-12T13:09:38+08:00 ] 127.0.0.1 /test/new_project_network/network/index.php/Home/user/data.html
INFO: [ app_init ] --START--
INFO: Run Behavior\BuildLiteBehavior [ RunTime:0.000000s ]
INFO: [ app_init ] --END-- [ RunTime:0.001000s ]

[ 2015-08-12T13:09:38+08:00 ] 127.0.0.1 /test/new_project_network/network/index.php/Home/user/data.html
INFO: [ app_init ] --START--
INFO: Run Behavior\BuildLiteBehavior [ RunTime:0.000000s ]
INFO: [ app_init ] --END-- [ RunTime:0.001000s ]

[ 2015-08-12T13:09:56+08:00 ] 127.0.0.1 /test/new_project_network/network/index.php/Home/user/data.html
INFO: [ app_init ] --START--
INFO: Run Behavior\BuildLiteBehavior [ RunTime:0.000000s ]
INFO: [ app_init ] --END-- [ RunTime:0.004000s ]

[ 2015-08-12T13:09:57+08:00 ] 127.0.0.1 /test/new_project_network/network/index.php/Home/user/data.html
INFO: [ app_init ] --START--
INFO: Run Behavior\BuildLiteBehavior [ RunTime:0.000000s ]
INFO: [ app_init ] --END-- [ RunTime:0.001000s ]

[ 2015-08-12T13:09:58+08:00 ] 127.0.0.1 /test/new_project_network/network/index.php/Home/user/data.html
INFO: [ app_init ] --START--
INFO: Run Behavior\BuildLiteBehavior [ RunTime:0.000000s ]
INFO: [ app_init ] --END-- [ RunTime:0.001000s ]

[ 2015-08-12T13:10:37+08:00 ] 127.0.0.1 /test/new_project_network/network/index.php/Home/user/data.html
INFO: [ app_init ] --START--
INFO: Run Behavior\BuildLiteBehavior [ RunTime:0.000000s ]
INFO: [ app_init ] --END-- [ RunTime:0.001001s ]

[ 2015-08-12T13:10:39+08:00 ] 127.0.0.1 /test/new_project_network/network/index.php/Home/user/data.html
INFO: [ app_init ] --START--
INFO: Run Behavior\BuildLiteBehavior [ RunTime:0.000000s ]
INFO: [ app_init ] --END-- [ RunTime:0.001000s ]

[ 2015-08-12T13:10:39+08:00 ] 127.0.0.1 /test/new_project_network/network/index.php/Home/user/data.html
INFO: [ app_init ] --START--
INFO: Run Behavior\BuildLiteBehavior [ RunTime:0.000000s ]
INFO: [ app_init ] --END-- [ RunTime:0.001000s ]

[ 2015-08-12T13:11:28+08:00 ] 127.0.0.1 /test/new_project_network/network/index.php/Home/user/data.html
INFO: [ app_init ] --START--
INFO: Run Behavior\BuildLiteBehavior [ RunTime:0.000000s ]
INFO: [ app_init ] --END-- [ RunTime:0.001000s ]

[ 2015-08-12T13:13:52+08:00 ] 127.0.0.1 /test/new_project_network/network/index.php/Home/User/index
INFO: [ app_init ] --START--
INFO: Run Behavior\BuildLiteBehavior [ RunTime:0.000000s ]
INFO: [ app_init ] --END-- [ RunTime:0.002000s ]

[ 2015-08-12T13:16:16+08:00 ] 127.0.0.1 /test/new_project_network/network/index.php/Home/user/data.html
INFO: [ app_init ] --START--
INFO: Run Behavior\BuildLiteBehavior [ RunTime:0.000000s ]
INFO: [ app_init ] --END-- [ RunTime:0.002000s ]

[ 2015-08-12T13:17:54+08:00 ] 127.0.0.1 /test/new_project_network/network/index.php/Home/user/data.html
INFO: [ app_init ] --START--
INFO: Run Behavior\BuildLiteBehavior [ RunTime:0.000000s ]
INFO: [ app_init ] --END-- [ RunTime:0.000000s ]

[ 2015-08-12T13:18:50+08:00 ] 127.0.0.1 /test/new_project_network/network/index.php/Home/user/windcolor.html
INFO: [ app_init ] --START--
INFO: Run Behavior\BuildLiteBehavior [ RunTime:0.000000s ]
INFO: [ app_init ] --END-- [ RunTime:0.002000s ]

[ 2015-08-12T13:18:51+08:00 ] 127.0.0.1 /test/new_project_network/network/index.php/Home/user/image/color_3.jpg
INFO: [ app_init ] --START--
INFO: Run Behavior\BuildLiteBehavior [ RunTime:0.000000s ]
INFO: [ app_init ] --END-- [ RunTime:0.001000s ]

[ 2015-08-12T13:18:51+08:00 ] 127.0.0.1 /test/new_project_network/network/index.php/Home/user/image/color_7.jpg
INFO: [ app_init ] --START--
INFO: Run Behavior\BuildLiteBehavior [ RunTime:0.001000s ]
INFO: [ app_init ] --END-- [ RunTime:0.001000s ]

[ 2015-08-12T13:18:51+08:00 ] 127.0.0.1 /test/new_project_network/network/index.php/Home/user/image/color_6.jpg
INFO: [ app_init ] --START--
INFO: Run Behavior\BuildLiteBehavior [ RunTime:0.000000s ]
INFO: [ app_init ] --END-- [ RunTime:0.001000s ]

[ 2015-08-12T13:18:51+08:00 ] 127.0.0.1 /test/new_project_network/network/index.php/Home/user/image/color_4.jpg
INFO: [ app_init ] --START--
INFO: Run Behavior\BuildLiteBehavior [ RunTime:0.000000s ]
INFO: [ app_init ] --END-- [ RunTime:0.045002s ]

[ 2015-08-12T13:18:51+08:00 ] 127.0.0.1 /test/new_project_network/network/index.php/Home/user/image/color_1.jpg
INFO: [ app_init ] --START--
INFO: Run Behavior\BuildLiteBehavior [ RunTime:0.000000s ]
INFO: [ app_init ] --END-- [ RunTime:0.001000s ]

[ 2015-08-12T13:18:51+08:00 ] 127.0.0.1 /test/new_project_network/network/index.php/Home/user/image/color_0.jpg
INFO: [ app_init ] --START--
INFO: Run Behavior\BuildLiteBehavior [ RunTime:0.000000s ]
INFO: [ app_init ] --END-- [ RunTime:0.002000s ]

[ 2015-08-12T13:18:51+08:00 ] 127.0.0.1 /test/new_project_network/network/index.php/Home/user/image/color_5.jpg
INFO: [ app_init ] --START--
INFO: Run Behavior\BuildLiteBehavior [ RunTime:0.000000s ]
INFO: [ app_init ] --END-- [ RunTime:0.128007s ]

[ 2015-08-12T13:18:51+08:00 ] 127.0.0.1 /test/new_project_network/network/index.php/Home/user/image/color_2.jpg
INFO: [ app_init ] --START--
INFO: Run Behavior\BuildLiteBehavior [ RunTime:0.000000s ]
INFO: [ app_init ] --END-- [ RunTime:0.001000s ]

[ 2015-08-12T13:19:47+08:00 ] 127.0.0.1 /test/new_project_network/network/index.php/Home/user/image/color_0.jpg
INFO: [ app_init ] --START--
INFO: Run Behavior\BuildLiteBehavior [ RunTime:0.000000s ]
INFO: [ app_init ] --END-- [ RunTime:0.000000s ]

[ 2015-08-12T13:20:41+08:00 ] 127.0.0.1 /test/new_project_network/network/index.php/Home/user/image/color_12.jpg
INFO: [ app_init ] --START--
INFO: Run Behavior\BuildLiteBehavior [ RunTime:0.000000s ]
INFO: [ app_init ] --END-- [ RunTime:0.001000s ]

[ 2015-08-12T13:20:41+08:00 ] 127.0.0.1 /test/new_project_network/network/index.php/Home/user/image/color_13.jpg
INFO: [ app_init ] --START--
INFO: Run Behavior\BuildLiteBehavior [ RunTime:0.000000s ]
INFO: [ app_init ] --END-- [ RunTime:0.001000s ]

[ 2015-08-12T13:20:41+08:00 ] 127.0.0.1 /test/new_project_network/network/index.php/Home/user/image/color_15.jpg
INFO: [ app_init ] --START--
INFO: Run Behavior\BuildLiteBehavior [ RunTime:0.000000s ]
INFO: [ app_init ] --END-- [ RunTime:0.001000s ]

[ 2015-08-12T13:20:41+08:00 ] 127.0.0.1 /test/new_project_network/network/index.php/Home/user/image/color_14.jpg
INFO: [ app_init ] --START--
INFO: Run Behavior\BuildLiteBehavior [ RunTime:0.000000s ]
INFO: [ app_init ] --END-- [ RunTime:0.001000s ]

[ 2015-08-12T13:20:41+08:00 ] 127.0.0.1 /test/new_project_network/network/index.php/Home/user/image/color_8.jpg
INFO: [ app_init ] --START--
INFO: Run Behavior\BuildLiteBehavior [ RunTime:0.000000s ]
INFO: [ app_init ] --END-- [ RunTime:0.001000s ]

[ 2015-08-12T13:20:41+08:00 ] 127.0.0.1 /test/new_project_network/network/index.php/Home/user/image/color_9.jpg
INFO: [ app_init ] --START--
INFO: Run Behavior\BuildLiteBehavior [ RunTime:0.000000s ]
INFO: [ app_init ] --END-- [ RunTime:0.001000s ]

[ 2015-08-12T13:20:41+08:00 ] 127.0.0.1 /test/new_project_network/network/index.php/Home/user/image/color_10.jpg
INFO: [ app_init ] --START--
INFO: Run Behavior\BuildLiteBehavior [ RunTime:0.000000s ]
INFO: [ app_init ] --END-- [ RunTime:0.001000s ]

[ 2015-08-12T13:20:41+08:00 ] 127.0.0.1 /test/new_project_network/network/index.php/Home/user/image/color_11.jpg
INFO: [ app_init ] --START--
INFO: Run Behavior\BuildLiteBehavior [ RunTime:0.000000s ]
INFO: [ app_init ] --END-- [ RunTime:0.000000s ]

[ 2015-08-12T13:20:46+08:00 ] 127.0.0.1 /test/new_project_network/network/index.php/Home/user/image/color_17.jpg
INFO: [ app_init ] --START--
INFO: Run Behavior\BuildLiteBehavior [ RunTime:0.000000s ]
INFO: [ app_init ] --END-- [ RunTime:0.001000s ]

[ 2015-08-12T13:20:46+08:00 ] 127.0.0.1 /test/new_project_network/network/index.php/Home/user/image/color_16.jpg
INFO: [ app_init ] --START--
INFO: Run Behavior\BuildLiteBehavior [ RunTime:0.000000s ]
INFO: [ app_init ] --END-- [ RunTime:0.000000s ]

[ 2015-08-12T13:20:46+08:00 ] 127.0.0.1 /test/new_project_network/network/index.php/Home/user/image/color_20.jpg
INFO: [ app_init ] --START--
INFO: Run Behavior\BuildLiteBehavior [ RunTime:0.000000s ]
INFO: [ app_init ] --END-- [ RunTime:0.000000s ]

[ 2015-08-12T13:20:46+08:00 ] 127.0.0.1 /test/new_project_network/network/index.php/Home/user/image/color_23.jpg
INFO: [ app_init ] --START--
INFO: Run Behavior\BuildLiteBehavior [ RunTime:0.000000s ]
INFO: [ app_init ] --END-- [ RunTime:0.001000s ]

[ 2015-08-12T13:20:46+08:00 ] 127.0.0.1 /test/new_project_network/network/index.php/Home/user/image/color_18.jpg
INFO: [ app_init ] --START--
INFO: Run Behavior\BuildLiteBehavior [ RunTime:0.000000s ]
INFO: [ app_init ] --END-- [ RunTime:0.001000s ]

[ 2015-08-12T13:20:46+08:00 ] 127.0.0.1 /test/new_project_network/network/index.php/Home/user/image/color_19.jpg
INFO: [ app_init ] --START--
INFO: Run Behavior\BuildLiteBehavior [ RunTime:0.000000s ]
INFO: [ app_init ] --END-- [ RunTime:0.001000s ]

[ 2015-08-12T13:20:47+08:00 ] 127.0.0.1 /test/new_project_network/network/index.php/Home/user/image/color_21.jpg
INFO: [ app_init ] --START--
INFO: Run Behavior\BuildLiteBehavior [ RunTime:0.000000s ]
INFO: [ app_init ] --END-- [ RunTime:0.002000s ]

[ 2015-08-12T13:20:47+08:00 ] 127.0.0.1 /test/new_project_network/network/index.php/Home/user/image/color_22.jpg
INFO: [ app_init ] --START--
INFO: Run Behavior\BuildLiteBehavior [ RunTime:0.000000s ]
INFO: [ app_init ] --END-- [ RunTime:0.001001s ]

[ 2015-08-12T13:20:50+08:00 ] 127.0.0.1 /test/new_project_network/network/index.php/Home/user/image/color_24.jpg
INFO: [ app_init ] --START--
INFO: Run Behavior\BuildLiteBehavior [ RunTime:0.000000s ]
INFO: [ app_init ] --END-- [ RunTime:0.001000s ]

[ 2015-08-12T13:20:50+08:00 ] 127.0.0.1 /test/new_project_network/network/index.php/Home/user/image/color_25.jpg
INFO: [ app_init ] --START--
INFO: Run Behavior\BuildLiteBehavior [ RunTime:0.000000s ]
INFO: [ app_init ] --END-- [ RunTime:0.001000s ]

[ 2015-08-12T13:20:54+08:00 ] 127.0.0.1 /test/new_project_network/network/index.php/Home/user/image/teacher_1.jpg
INFO: [ app_init ] --START--
INFO: Run Behavior\BuildLiteBehavior [ RunTime:0.000000s ]
INFO: [ app_init ] --END-- [ RunTime:0.017001s ]

[ 2015-08-12T13:20:54+08:00 ] 127.0.0.1 /test/new_project_network/network/index.php/Home/user/image/teacher_2.jpg
INFO: [ app_init ] --START--
INFO: Run Behavior\BuildLiteBehavior [ RunTime:0.000000s ]
INFO: [ app_init ] --END-- [ RunTime:0.001000s ]

[ 2015-08-12T13:20:54+08:00 ] 127.0.0.1 /test/new_project_network/network/index.php/Home/user/image/teacher_8.jpg
INFO: [ app_init ] --START--
INFO: Run Behavior\BuildLiteBehavior [ RunTime:0.000000s ]
INFO: [ app_init ] --END-- [ RunTime:0.001000s ]

[ 2015-08-12T13:20:54+08:00 ] 127.0.0.1 /test/new_project_network/network/index.php/Home/user/image/teacher_4.jpg
INFO: [ app_init ] --START--
INFO: Run Behavior\BuildLiteBehavior [ RunTime:0.000000s ]
INFO: [ app_init ] --END-- [ RunTime:0.000000s ]

[ 2015-08-12T13:20:54+08:00 ] 127.0.0.1 /test/new_project_network/network/index.php/Home/user/image/teacher_7.jpg
INFO: [ app_init ] --START--
INFO: Run Behavior\BuildLiteBehavior [ RunTime:0.000000s ]
INFO: [ app_init ] --END-- [ RunTime:0.001000s ]

[ 2015-08-12T13:20:54+08:00 ] 127.0.0.1 /test/new_project_network/network/index.php/Home/user/image/teacher_5.jpg
INFO: [ app_init ] --START--
INFO: Run Behavior\BuildLiteBehavior [ RunTime:0.000000s ]
INFO: [ app_init ] --END-- [ RunTime:0.001000s ]

[ 2015-08-12T13:20:55+08:00 ] 127.0.0.1 /test/new_project_network/network/index.php/Home/user/image/teacher_6.jpg
INFO: [ app_init ] --START--
INFO: Run Behavior\BuildLiteBehavior [ RunTime:0.000000s ]
INFO: [ app_init ] --END-- [ RunTime:0.001000s ]

[ 2015-08-12T13:20:55+08:00 ] 127.0.0.1 /test/new_project_network/network/index.php/Home/user/image/teacher_3.jpg
INFO: [ app_init ] --START--
INFO: Run Behavior\BuildLiteBehavior [ RunTime:0.000000s ]
INFO: [ app_init ] --END-- [ RunTime:0.191011s ]

[ 2015-08-12T13:24:28+08:00 ] 127.0.0.1 /test/new_project_network/network/index.php/Home/user/index.html
INFO: [ app_init ] --START--
INFO: Run Behavior\BuildLiteBehavior [ RunTime:0.000000s ]
INFO: [ app_init ] --END-- [ RunTime:0.002000s ]

[ 2015-08-12T13:24:32+08:00 ] 127.0.0.1 /test/new_project_network/network/
INFO: [ app_init ] --START--
INFO: Run Behavior\BuildLiteBehavior [ RunTime:0.000000s ]
INFO: [ app_init ] --END-- [ RunTime:0.001000s ]

[ 2015-08-12T13:24:33+08:00 ] 127.0.0.1 /test/new_project_network/network/index.php/Home/User/index.html
INFO: [ app_init ] --START--
INFO: Run Behavior\BuildLiteBehavior [ RunTime:0.000000s ]
INFO: [ app_init ] --END-- [ RunTime:0.001000s ]

[ 2015-08-12T13:24:37+08:00 ] 127.0.0.1 /test/new_project_network/network/index.php/Home/User/data.html
INFO: [ app_init ] --START--
INFO: Run Behavior\BuildLiteBehavior [ RunTime:0.000000s ]
INFO: [ app_init ] --END-- [ RunTime:0.001000s ]

[ 2015-08-12T13:24:50+08:00 ] 127.0.0.1 /test/new_project_network/network/index.php/Home/User/page.html
INFO: [ app_init ] --START--
INFO: Run Behavior\BuildLiteBehavior [ RunTime:0.000000s ]
INFO: [ app_init ] --END-- [ RunTime:0.002000s ]

[ 2015-08-12T13:24:56+08:00 ] 127.0.0.1 /test/new_project_network/network/index.php/Home/User/windcolor.html
INFO: [ app_init ] --START--
INFO: Run Behavior\BuildLiteBehavior [ RunTime:0.000000s ]
INFO: [ app_init ] --END-- [ RunTime:0.001000s ]

[ 2015-08-12T13:24:57+08:00 ] 127.0.0.1 /test/new_project_network/network/index.php/Home/User/image/color_6.jpg
INFO: [ app_init ] --START--
INFO: Run Behavior\BuildLiteBehavior [ RunTime:0.000000s ]
INFO: [ app_init ] --END-- [ RunTime:0.001000s ]

[ 2015-08-12T13:24:57+08:00 ] 127.0.0.1 /test/new_project_network/network/index.php/Home/User/image/color_1.jpg
INFO: [ app_init ] --START--
INFO: Run Behavior\BuildLiteBehavior [ RunTime:0.000000s ]
INFO: [ app_init ] --END-- [ RunTime:0.001000s ]

[ 2015-08-12T13:24:57+08:00 ] 127.0.0.1 /test/new_project_network/network/index.php/Home/User/image/color_0.jpg
INFO: [ app_init ] --START--
INFO: Run Behavior\BuildLiteBehavior [ RunTime:0.000000s ]
INFO: [ app_init ] --END-- [ RunTime:0.001000s ]

[ 2015-08-12T13:24:57+08:00 ] 127.0.0.1 /test/new_project_network/network/index.php/Home/User/image/color_7.jpg
INFO: [ app_init ] --START--
INFO: Run Behavior\BuildLiteBehavior [ RunTime:0.000000s ]
INFO: [ app_init ] --END-- [ RunTime:0.001000s ]

[ 2015-08-12T13:24:57+08:00 ] 127.0.0.1 /test/new_project_network/network/index.php/Home/User/image/color_5.jpg
INFO: [ app_init ] --START--
INFO: Run Behavior\BuildLiteBehavior [ RunTime:0.000000s ]
INFO: [ app_init ] --END-- [ RunTime:0.001000s ]

[ 2015-08-12T13:24:57+08:00 ] 127.0.0.1 /test/new_project_network/network/index.php/Home/User/image/color_4.jpg
INFO: [ app_init ] --START--
INFO: Run Behavior\BuildLiteBehavior [ RunTime:0.000000s ]
INFO: [ app_init ] --END-- [ RunTime:0.003000s ]

[ 2015-08-12T13:24:57+08:00 ] 127.0.0.1 /test/new_project_network/network/index.php/Home/User/image/color_3.jpg
INFO: [ app_init ] --START--
INFO: Run Behavior\BuildLiteBehavior [ RunTime:0.000000s ]
INFO: [ app_init ] --END-- [ RunTime:0.006000s ]

[ 2015-08-12T13:24:58+08:00 ] 127.0.0.1 /test/new_project_network/network/index.php/Home/User/image/color_2.jpg
INFO: [ app_init ] --START--
INFO: Run Behavior\BuildLiteBehavior [ RunTime:0.000000s ]
INFO: [ app_init ] --END-- [ RunTime:0.002000s ]

[ 2015-08-12T13:25:27+08:00 ] 127.0.0.1 /test/new_project_network/network/index.php/Home/User/windcolor.html
INFO: [ app_init ] --START--
INFO: Run Behavior\BuildLiteBehavior [ RunTime:0.000000s ]
INFO: [ app_init ] --END-- [ RunTime:0.016001s ]

[ 2015-08-12T13:25:27+08:00 ] 127.0.0.1 /test/new_project_network/network/index.php/Home/User/windcolor.html
INFO: [ app_init ] --START--
INFO: Run Behavior\BuildLiteBehavior [ RunTime:0.000000s ]
INFO: [ app_init ] --END-- [ RunTime:0.001000s ]

[ 2015-08-12T13:25:36+08:00 ] 127.0.0.1 /test/new_project_network/network/index.php/Home/User/image/color_7.jpg
INFO: [ app_init ] --START--
INFO: Run Behavior\BuildLiteBehavior [ RunTime:0.000000s ]
INFO: [ app_init ] --END-- [ RunTime:0.135008s ]

[ 2015-08-12T13:25:37+08:00 ] 127.0.0.1 /test/new_project_network/network/index.php/Home/User/image/color_6.jpg
INFO: [ app_init ] --START--
INFO: Run Behavior\BuildLiteBehavior [ RunTime:0.000000s ]
INFO: [ app_init ] --END-- [ RunTime:0.131007s ]

[ 2015-08-12T13:25:37+08:00 ] 127.0.0.1 /test/new_project_network/network/index.php/Home/User/image/color_5.jpg
INFO: [ app_init ] --START--
INFO: Run Behavior\BuildLiteBehavior [ RunTime:0.000000s ]
INFO: [ app_init ] --END-- [ RunTime:0.001000s ]

[ 2015-08-12T13:25:37+08:00 ] 127.0.0.1 /test/new_project_network/network/index.php/Home/User/image/color_0.jpg
INFO: [ app_init ] --START--
INFO: Run Behavior\BuildLiteBehavior [ RunTime:0.000000s ]
INFO: [ app_init ] --END-- [ RunTime:0.000000s ]

[ 2015-08-12T13:25:37+08:00 ] 127.0.0.1 /test/new_project_network/network/index.php/Home/User/image/color_1.jpg
INFO: [ app_init ] --START--
INFO: Run Behavior\BuildLiteBehavior [ RunTime:0.000000s ]
INFO: [ app_init ] --END-- [ RunTime:0.001000s ]

[ 2015-08-12T13:25:37+08:00 ] 127.0.0.1 /test/new_project_network/network/index.php/Home/User/image/color_2.jpg
INFO: [ app_init ] --START--
INFO: Run Behavior\BuildLiteBehavior [ RunTime:0.000000s ]
INFO: [ app_init ] --END-- [ RunTime:0.001000s ]

[ 2015-08-12T13:25:37+08:00 ] 127.0.0.1 /test/new_project_network/network/index.php/Home/User/image/color_3.jpg
INFO: [ app_init ] --START--
INFO: Run Behavior\BuildLiteBehavior [ RunTime:0.000000s ]
INFO: [ app_init ] --END-- [ RunTime:0.000000s ]

[ 2015-08-12T13:25:37+08:00 ] 127.0.0.1 /test/new_project_network/network/index.php/Home/User/image/color_4.jpg
INFO: [ app_init ] --START--
INFO: Run Behavior\BuildLiteBehavior [ RunTime:0.000000s ]
INFO: [ app_init ] --END-- [ RunTime:0.016001s ]

[ 2015-08-12T13:29:09+08:00 ] 127.0.0.1 /test/new_project_network/network/index.php/Home/User/image/color_0.jpg
INFO: [ app_init ] --START--
INFO: Run Behavior\BuildLiteBehavior [ RunTime:0.000000s ]
INFO: [ app_init ] --END-- [ RunTime:0.001000s ]

[ 2015-08-12T13:29:41+08:00 ] 127.0.0.1 /test/new_project_network/network/index.php/Home/User/windcolor.html
INFO: [ app_init ] --START--
INFO: Run Behavior\BuildLiteBehavior [ RunTime:0.000000s ]
INFO: [ app_init ] --END-- [ RunTime:0.001000s ]

[ 2015-08-12T13:29:42+08:00 ] 127.0.0.1 /test/new_project_network/network/index.php/Home/User/image/color_7.jpg
INFO: [ app_init ] --START--
INFO: Run Behavior\BuildLiteBehavior [ RunTime:0.000000s ]
INFO: [ app_init ] --END-- [ RunTime:0.000000s ]

[ 2015-08-12T13:29:42+08:00 ] 127.0.0.1 /test/new_project_network/network/index.php/Home/User/image/color_6.jpg
INFO: [ app_init ] --START--
INFO: Run Behavior\BuildLiteBehavior [ RunTime:0.000000s ]
INFO: [ app_init ] --END-- [ RunTime:0.001000s ]

[ 2015-08-12T13:29:42+08:00 ] 127.0.0.1 /test/new_project_network/network/index.php/Home/User/image/color_4.jpg
INFO: [ app_init ] --START--
INFO: Run Behavior\BuildLiteBehavior [ RunTime:0.000000s ]
INFO: [ app_init ] --END-- [ RunTime:0.002000s ]

[ 2015-08-12T13:29:42+08:00 ] 127.0.0.1 /test/new_project_network/network/index.php/Home/User/image/color_5.jpg
INFO: [ app_init ] --START--
INFO: Run Behavior\BuildLiteBehavior [ RunTime:0.000000s ]
INFO: [ app_init ] --END-- [ RunTime:0.001000s ]

[ 2015-08-12T13:29:42+08:00 ] 127.0.0.1 /test/new_project_network/network/index.php/Home/User/image/color_2.jpg
INFO: [ app_init ] --START--
INFO: Run Behavior\BuildLiteBehavior [ RunTime:0.000000s ]
INFO: [ app_init ] --END-- [ RunTime:0.001000s ]

[ 2015-08-12T13:29:42+08:00 ] 127.0.0.1 /test/new_project_network/network/index.php/Home/User/image/color_1.jpg
INFO: [ app_init ] --START--
INFO: Run Behavior\BuildLiteBehavior [ RunTime:0.000000s ]
INFO: [ app_init ] --END-- [ RunTime:0.032002s ]

[ 2015-08-12T13:29:42+08:00 ] 127.0.0.1 /test/new_project_network/network/index.php/Home/User/image/color_3.jpg
INFO: [ app_init ] --START--
INFO: Run Behavior\BuildLiteBehavior [ RunTime:0.000000s ]
INFO: [ app_init ] --END-- [ RunTime:0.001000s ]

[ 2015-08-12T13:29:42+08:00 ] 127.0.0.1 /test/new_project_network/network/index.php/Home/User/image/color_0.jpg
INFO: [ app_init ] --START--
INFO: Run Behavior\BuildLiteBehavior [ RunTime:0.000000s ]
INFO: [ app_init ] --END-- [ RunTime:0.002001s ]

[ 2015-08-12T13:33:54+08:00 ] 127.0.0.1 /test/new_project_network/network/index.php/Home/User/windcolor.html
INFO: [ app_init ] --START--
INFO: Run Behavior\BuildLiteBehavior [ RunTime:0.000000s ]
INFO: [ app_init ] --END-- [ RunTime:0.005000s ]

[ 2015-08-12T13:38:53+08:00 ] 127.0.0.1 /test/new_project_network/network/index.php/Home/User/windcolor.html
INFO: [ app_init ] --START--
INFO: Run Behavior\BuildLiteBehavior [ RunTime:0.000000s ]
INFO: [ app_init ] --END-- [ RunTime:0.002000s ]

[ 2015-08-12T14:00:42+08:00 ] 127.0.0.1 /test/new_project_network/network/
INFO: [ app_init ] --START--
INFO: Run Behavior\BuildLiteBehavior [ RunTime:0.000000s ]
INFO: [ app_init ] --END-- [ RunTime:0.006000s ]

[ 2015-08-12T14:00:42+08:00 ] 127.0.0.1 /test/new_project_network/network/index.php/Home/User/index.html
INFO: [ app_init ] --START--
INFO: Run Behavior\BuildLiteBehavior [ RunTime:0.000000s ]
INFO: [ app_init ] --END-- [ RunTime:0.000000s ]

[ 2015-08-12T14:00:47+08:00 ] 127.0.0.1 /test/new_project_network/network/index.php/Home/User/data.html
INFO: [ app_init ] --START--
INFO: Run Behavior\BuildLiteBehavior [ RunTime:0.000000s ]
INFO: [ app_init ] --END-- [ RunTime:0.001000s ]

[ 2015-08-12T14:01:32+08:00 ] 127.0.0.1 /test/new_project_network/network/index.php/Home/User/data.html
INFO: [ app_init ] --START--
INFO: Run Behavior\BuildLiteBehavior [ RunTime:0.000000s ]
INFO: [ app_init ] --END-- [ RunTime:0.001000s ]

[ 2015-08-12T14:06:46+08:00 ] 127.0.0.1 /test/new_project_network/network/index.php/Home/User/data.html
INFO: [ app_init ] --START--
INFO: Run Behavior\BuildLiteBehavior [ RunTime:0.000000s ]
INFO: [ app_init ] --END-- [ RunTime:0.001000s ]

[ 2015-08-12T14:08:16+08:00 ] 127.0.0.1 /test/new_project_network/network/index.php/Home/User/data.html
INFO: [ app_init ] --START--
INFO: Run Behavior\BuildLiteBehavior [ RunTime:0.000000s ]
INFO: [ app_init ] --END-- [ RunTime:0.001000s ]

[ 2015-08-12T14:09:06+08:00 ] 127.0.0.1 /test/new_project_network/network/index.php/Home/User/data.html
INFO: [ app_init ] --START--
INFO: Run Behavior\BuildLiteBehavior [ RunTime:0.000000s ]
INFO: [ app_init ] --END-- [ RunTime:0.001000s ]

[ 2015-08-12T14:13:03+08:00 ] 127.0.0.1 /test/new_project_network/network/index.php/Home/User/data.html
INFO: [ app_init ] --START--
INFO: Run Behavior\BuildLiteBehavior [ RunTime:0.001000s ]
INFO: [ app_init ] --END-- [ RunTime:0.010000s ]

[ 2015-08-12T14:16:53+08:00 ] 127.0.0.1 /test/new_project_network/network/index.php/Home/User/data.html
INFO: [ app_init ] --START--
INFO: Run Behavior\BuildLiteBehavior [ RunTime:0.000000s ]
INFO: [ app_init ] --END-- [ RunTime:0.001000s ]

[ 2015-08-12T14:18:56+08:00 ] 127.0.0.1 /test/new_project_network/network/index.php/Home/User/data.html
INFO: [ app_init ] --START--
INFO: Run Behavior\BuildLiteBehavior [ RunTime:0.000000s ]
INFO: [ app_init ] --END-- [ RunTime:0.006000s ]

[ 2015-08-12T14:20:04+08:00 ] 127.0.0.1 /test/new_project_network/network/index.php/Home/User/data.html
INFO: [ app_init ] --START--
INFO: Run Behavior\BuildLiteBehavior [ RunTime:0.000000s ]
INFO: [ app_init ] --END-- [ RunTime:0.001000s ]

[ 2015-08-12T14:21:43+08:00 ] 127.0.0.1 /test/new_project_network/network/index.php/Home/User/data.html
INFO: [ app_init ] --START--
INFO: Run Behavior\BuildLiteBehavior [ RunTime:0.000000s ]
INFO: [ app_init ] --END-- [ RunTime:0.001000s ]

[ 2015-08-12T14:22:43+08:00 ] 127.0.0.1 /test/new_project_network/network/index.php/Home/User/data.html
INFO: [ app_init ] --START--
INFO: Run Behavior\BuildLiteBehavior [ RunTime:0.000000s ]
INFO: [ app_init ] --END-- [ RunTime:0.000000s ]

[ 2015-08-12T14:23:24+08:00 ] 127.0.0.1 /test/new_project_network/network/index.php/Home/User/data.html
INFO: [ app_init ] --START--
INFO: Run Behavior\BuildLiteBehavior [ RunTime:0.000000s ]
INFO: [ app_init ] --END-- [ RunTime:0.001000s ]

[ 2015-08-12T14:23:37+08:00 ] 127.0.0.1 /test/new_project_network/network/index.php/Home/User/data.html
INFO: [ app_init ] --START--
INFO: Run Behavior\BuildLiteBehavior [ RunTime:0.001000s ]
INFO: [ app_init ] --END-- [ RunTime:0.001000s ]

[ 2015-08-12T14:25:31+08:00 ] 127.0.0.1 /test/new_project_network/network/index.php/Home/User/data.html
INFO: [ app_init ] --START--
INFO: Run Behavior\BuildLiteBehavior [ RunTime:0.000000s ]
INFO: [ app_init ] --END-- [ RunTime:0.002000s ]

[ 2015-08-12T14:26:27+08:00 ] 127.0.0.1 /test/new_project_network/network/index.php/Home/User/data.html
INFO: [ app_init ] --START--
INFO: Run Behavior\BuildLiteBehavior [ RunTime:0.000000s ]
INFO: [ app_init ] --END-- [ RunTime:0.002001s ]

[ 2015-08-12T14:28:02+08:00 ] 127.0.0.1 /test/new_project_network/network/index.php/Home/User/data.html
INFO: [ app_init ] --START--
INFO: Run Behavior\BuildLiteBehavior [ RunTime:0.000000s ]
INFO: [ app_init ] --END-- [ RunTime:0.001000s ]

[ 2015-08-12T14:30:40+08:00 ] 127.0.0.1 /test/new_project_network/network/index.php/Home/User/data.html
INFO: [ app_init ] --START--
INFO: Run Behavior\BuildLiteBehavior [ RunTime:0.000000s ]
INFO: [ app_init ] --END-- [ RunTime:0.001000s ]

[ 2015-08-12T14:31:52+08:00 ] 127.0.0.1 /test/new_project_network/network/index.php/Home/User/data.html
INFO: [ app_init ] --START--
INFO: Run Behavior\BuildLiteBehavior [ RunTime:0.000000s ]
INFO: [ app_init ] --END-- [ RunTime:0.001000s ]

[ 2015-08-12T14:32:46+08:00 ] 127.0.0.1 /test/new_project_network/network/index.php/Home/User/data.html
INFO: [ app_init ] --START--
INFO: Run Behavior\BuildLiteBehavior [ RunTime:0.000000s ]
INFO: [ app_init ] --END-- [ RunTime:0.001000s ]

[ 2015-08-12T14:40:07+08:00 ] 127.0.0.1 /test/new_project_network/network/index.php/Home/User/data.html
INFO: [ app_init ] --START--
INFO: Run Behavior\BuildLiteBehavior [ RunTime:0.000000s ]
INFO: [ app_init ] --END-- [ RunTime:0.000000s ]

[ 2015-08-12T14:41:50+08:00 ] 127.0.0.1 /test/new_project_network/network/index.php/Home/User/data.html
INFO: [ app_init ] --START--
INFO: Run Behavior\BuildLiteBehavior [ RunTime:0.000000s ]
INFO: [ app_init ] --END-- [ RunTime:0.002000s ]

[ 2015-08-12T14:43:05+08:00 ] 127.0.0.1 /test/new_project_network/network/index.php/Home/User/data.html
INFO: [ app_init ] --START--
INFO: Run Behavior\BuildLiteBehavior [ RunTime:0.000000s ]
INFO: [ app_init ] --END-- [ RunTime:0.001000s ]

[ 2015-08-12T14:45:25+08:00 ] 127.0.0.1 /test/new_project_network/network/index.php/Home/User/data.html
INFO: [ app_init ] --START--
INFO: Run Behavior\BuildLiteBehavior [ RunTime:0.000000s ]
INFO: [ app_init ] --END-- [ RunTime:0.001000s ]

[ 2015-08-12T14:51:06+08:00 ] 127.0.0.1 /test/new_project_network/network/index.php/Home/User/data.html
INFO: [ app_init ] --START--
INFO: Run Behavior\BuildLiteBehavior [ RunTime:0.000000s ]
INFO: [ app_init ] --END-- [ RunTime:0.001000s ]

[ 2015-08-12T14:51:28+08:00 ] 127.0.0.1 /test/new_project_network/network/index.php/Home/User/data.html
INFO: [ app_init ] --START--
INFO: Run Behavior\BuildLiteBehavior [ RunTime:0.000000s ]
INFO: [ app_init ] --END-- [ RunTime:0.001000s ]

[ 2015-08-12T15:03:50+08:00 ] 127.0.0.1 /test/new_project_network/network/index.php/Home/User/data.html
INFO: [ app_init ] --START--
INFO: Run Behavior\BuildLiteBehavior [ RunTime:0.000000s ]
INFO: [ app_init ] --END-- [ RunTime:0.002000s ]

[ 2015-08-12T15:04:03+08:00 ] 127.0.0.1 /test/new_project_network/network/index.php/Home/User/data.html
INFO: [ app_init ] --START--
INFO: Run Behavior\BuildLiteBehavior [ RunTime:0.000000s ]
INFO: [ app_init ] --END-- [ RunTime:0.001000s ]

[ 2015-08-12T15:05:29+08:00 ] 127.0.0.1 /test/new_project_network/network/index.php/Home/User/data.html
INFO: [ app_init ] --START--
INFO: Run Behavior\BuildLiteBehavior [ RunTime:0.000000s ]
INFO: [ app_init ] --END-- [ RunTime:0.001000s ]

[ 2015-08-12T15:06:45+08:00 ] 127.0.0.1 /test/new_project_network/network/index.php/Home/User/data.html
INFO: [ app_init ] --START--
INFO: Run Behavior\BuildLiteBehavior [ RunTime:0.000000s ]
INFO: [ app_init ] --END-- [ RunTime:0.002000s ]

[ 2015-08-12T15:10:58+08:00 ] 127.0.0.1 /test/new_project_network/network/index.php/Home/User/data.html
INFO: [ app_init ] --START--
INFO: Run Behavior\BuildLiteBehavior [ RunTime:0.000000s ]
INFO: [ app_init ] --END-- [ RunTime:0.007001s ]

[ 2015-08-12T15:12:28+08:00 ] 127.0.0.1 /test/new_project_network/network/index.php/Home/User/data.html
INFO: [ app_init ] --START--
INFO: Run Behavior\BuildLiteBehavior [ RunTime:0.000000s ]
INFO: [ app_init ] --END-- [ RunTime:0.001000s ]

[ 2015-08-12T15:18:21+08:00 ] 127.0.0.1 /test/new_project_network/network/index.php/Home/User/data.html
INFO: [ app_init ] --START--
INFO: Run Behavior\BuildLiteBehavior [ RunTime:0.000000s ]
INFO: [ app_init ] --END-- [ RunTime:0.001000s ]

[ 2015-08-12T15:46:35+08:00 ] 127.0.0.1 /test/new_project_network/network/index.php/Home/User/windcolor.html
INFO: [ app_init ] --START--
INFO: Run Behavior\BuildLiteBehavior [ RunTime:0.000000s ]
INFO: [ app_init ] --END-- [ RunTime:0.001000s ]

[ 2015-08-12T15:47:35+08:00 ] 127.0.0.1 /test/new_project_network/network/index.php/Home/User/aw
INFO: [ app_init ] --START--
INFO: Run Behavior\BuildLiteBehavior [ RunTime:0.000000s ]
INFO: [ app_init ] --END-- [ RunTime:0.003000s ]
ERR: 非法操作:aw

[ 2015-08-12T15:47:41+08:00 ] 127.0.0.1 /test/new_project_network/network/index.php/Home/User/aw
INFO: [ app_init ] --START--
INFO: Run Behavior\BuildLiteBehavior [ RunTime:0.000000s ]
INFO: [ app_init ] --END-- [ RunTime:0.001000s ]
ERR: 非法操作:aw

[ 2015-08-12T15:47:48+08:00 ] 127.0.0.1 /test/new_project_network/network/index.php/Home/User/aw
INFO: [ app_init ] --START--
INFO: Run Behavior\BuildLiteBehavior [ RunTime:0.000000s ]
INFO: [ app_init ] --END-- [ RunTime:0.001000s ]
ERR: 非法操作:aw

[ 2015-08-12T15:47:53+08:00 ] 127.0.0.1 /test/new_project_network/network/index.php/Home/User/aw
INFO: [ app_init ] --START--
INFO: Run Behavior\BuildLiteBehavior [ RunTime:0.000000s ]
INFO: [ app_init ] --END-- [ RunTime:0.002000s ]
ERR: 非法操作:aw

[ 2015-08-12T15:48:44+08:00 ] 127.0.0.1 /test/new_project_network/network/index.php/Home/User/windcolor.html
INFO: [ app_init ] --START--
INFO: Run Behavior\BuildLiteBehavior [ RunTime:0.000000s ]
INFO: [ app_init ] --END-- [ RunTime:0.062004s ]

[ 2015-08-12T15:48:46+08:00 ] 127.0.0.1 /test/new_project_network/network/index.php/Home/User/index.html
INFO: [ app_init ] --START--
INFO: Run Behavior\BuildLiteBehavior [ RunTime:0.000000s ]
INFO: [ app_init ] --END-- [ RunTime:0.001000s ]

[ 2015-08-12T15:49:01+08:00 ] 127.0.0.1 /test/new_project_network/network/index.php/Home/User/aw
INFO: [ app_init ] --START--
INFO: Run Behavior\BuildLiteBehavior [ RunTime:0.000000s ]
INFO: [ app_init ] --END-- [ RunTime:0.001001s ]
ERR: 非法操作:aw

[ 2015-08-12T15:49:04+08:00 ] 127.0.0.1 /test/new_project_network/network/index.php/Home/User/aw
INFO: [ app_init ] --START--
INFO: Run Behavior\BuildLiteBehavior [ RunTime:0.000000s ]
INFO: [ app_init ] --END-- [ RunTime:0.001000s ]
ERR: 非法操作:aw

[ 2015-08-12T15:49:06+08:00 ] 127.0.0.1 /test/new_project_network/network/index.php/Home/User/aw
INFO: [ app_init ] --START--
INFO: Run Behavior\BuildLiteBehavior [ RunTime:0.000000s ]
INFO: [ app_init ] --END-- [ RunTime:0.001000s ]
ERR: 非法操作:aw

[ 2015-08-12T15:49:08+08:00 ] 127.0.0.1 /test/new_project_network/network/index.php/Home/User/aw
INFO: [ app_init ] --START--
INFO: Run Behavior\BuildLiteBehavior [ RunTime:0.000000s ]
INFO: [ app_init ] --END-- [ RunTime:0.001000s ]
ERR: 非法操作:aw

[ 2015-08-12T15:49:10+08:00 ] 127.0.0.1 /test/new_project_network/network/index.php/Home/User/index.html
INFO: [ app_init ] --START--
INFO: Run Behavior\BuildLiteBehavior [ RunTime:0.000000s ]
INFO: [ app_init ] --END-- [ RunTime:0.001000s ]

[ 2015-08-12T15:49:16+08:00 ] 127.0.0.1 /test/new_project_network/network/index.php/Home/User/data.html
INFO: [ app_init ] --START--
INFO: Run Behavior\BuildLiteBehavior [ RunTime:0.000000s ]
INFO: [ app_init ] --END-- [ RunTime:0.000000s ]

[ 2015-08-12T15:49:41+08:00 ] 127.0.0.1 /test/new_project_network/network/index.php/Home/User/data.html
INFO: [ app_init ] --START--
INFO: Run Behavior\BuildLiteBehavior [ RunTime:0.000000s ]
INFO: [ app_init ] --END-- [ RunTime:0.001000s ]

[ 2015-08-12T15:50:42+08:00 ] 127.0.0.1 /test/new_project_network/network/index.php/Home/User/data.html
INFO: [ app_init ] --START--
INFO: Run Behavior\BuildLiteBehavior [ RunTime:0.000000s ]
INFO: [ app_init ] --END-- [ RunTime:0.013001s ]

[ 2015-08-12T16:54:30+08:00 ] 127.0.0.1 /test/new_project_network/network/index.php/Home/User/data.html
INFO: [ app_init ] --START--
INFO: Run Behavior\BuildLiteBehavior [ RunTime:0.000000s ]
INFO: [ app_init ] --END-- [ RunTime:0.001000s ]

[ 2015-08-12T16:58:09+08:00 ] 127.0.0.1 /test/new_project_network/network/index.php/Home/User/data.html
INFO: [ app_init ] --START--
INFO: Run Behavior\BuildLiteBehavior [ RunTime:0.000000s ]
INFO: [ app_init ] --END-- [ RunTime:0.001000s ]

[ 2015-08-12T17:20:06+08:00 ] 127.0.0.1 /test/new_project_network/network/index.php/Home/User/data.html
INFO: [ app_init ] --START--
INFO: Run Behavior\BuildLiteBehavior [ RunTime:0.000000s ]
INFO: [ app_init ] --END-- [ RunTime:0.002000s ]

[ 2015-08-12T17:20:44+08:00 ] 127.0.0.1 /test/new_project_network/network/index.php/Home/User/data.html
INFO: [ app_init ] --START--
INFO: Run Behavior\BuildLiteBehavior [ RunTime:0.000000s ]
INFO: [ app_init ] --END-- [ RunTime:0.001000s ]

[ 2015-08-12T17:21:38+08:00 ] 127.0.0.1 /test/new_project_network/network/index.php/Home/User/data.html
INFO: [ app_init ] --START--
INFO: Run Behavior\BuildLiteBehavior [ RunTime:0.000000s ]
INFO: [ app_init ] --END-- [ RunTime:0.001000s ]

[ 2015-08-12T17:31:17+08:00 ] 127.0.0.1 /test/new_project_network/network/index.php/Home/User/data.html
INFO: [ app_init ] --START--
INFO: Run Behavior\BuildLiteBehavior [ RunTime:0.000000s ]
INFO: [ app_init ] --END-- [ RunTime:0.006001s ]

[ 2015-08-12T17:31:22+08:00 ] 127.0.0.1 /test/new_project_network/network/index.php/Home/User/data.html
INFO: [ app_init ] --START--
INFO: Run Behavior\BuildLiteBehavior [ RunTime:0.000000s ]
INFO: [ app_init ] --END-- [ RunTime:0.001000s ]

[ 2015-08-12T17:32:01+08:00 ] 127.0.0.1 /test/new_project_network/network/index.php/Home/User/data.html
INFO: [ app_init ] --START--
INFO: Run Behavior\BuildLiteBehavior [ RunTime:0.000000s ]
INFO: [ app_init ] --END-- [ RunTime:0.001000s ]

[ 2015-08-12T17:32:17+08:00 ] 127.0.0.1 /test/new_project_network/network/index.php/Home/User/data.html
INFO: [ app_init ] --START--
INFO: Run Behavior\BuildLiteBehavior [ RunTime:0.000000s ]
INFO: [ app_init ] --END-- [ RunTime:0.001000s ]

[ 2015-08-12T17:32:27+08:00 ] 127.0.0.1 /test/new_project_network/network/index.php/Home/User/data.html
INFO: [ app_init ] --START--
INFO: Run Behavior\BuildLiteBehavior [ RunTime:0.000000s ]
INFO: [ app_init ] --END-- [ RunTime:0.001000s ]

[ 2015-08-12T17:34:56+08:00 ] 127.0.0.1 /test/new_project_network/network/index.php/Home/User/data.html
INFO: [ app_init ] --START--
INFO: Run Behavior\BuildLiteBehavior [ RunTime:0.000000s ]
INFO: [ app_init ] --END-- [ RunTime:0.001000s ]

[ 2015-08-12T17:35:41+08:00 ] 127.0.0.1 /test/new_project_network/network/index.php/Home/User/data.html
INFO: [ app_init ] --START--
INFO: Run Behavior\BuildLiteBehavior [ RunTime:0.000000s ]
INFO: [ app_init ] --END-- [ RunTime:0.001000s ]

[ 2015-08-12T17:36:19+08:00 ] 127.0.0.1 /test/new_project_network/network/index.php/Home/User/data.html
INFO: [ app_init ] --START--
INFO: Run Behavior\BuildLiteBehavior [ RunTime:0.000000s ]
INFO: [ app_init ] --END-- [ RunTime:0.001000s ]

[ 2015-08-12T17:44:51+08:00 ] 127.0.0.1 /test/new_project_network/network/index.php/Home/User/data.html
INFO: [ app_init ] --START--
INFO: Run Behavior\BuildLiteBehavior [ RunTime:0.000000s ]
INFO: [ app_init ] --END-- [ RunTime:0.004000s ]

[ 2015-08-12T17:45:25+08:00 ] 127.0.0.1 /test/new_project_network/network/index.php/Home/User/data.html
INFO: [ app_init ] --START--
INFO: Run Behavior\BuildLiteBehavior [ RunTime:0.000000s ]
INFO: [ app_init ] --END-- [ RunTime:0.001000s ]

[ 2015-08-12T17:51:33+08:00 ] 127.0.0.1 /test/new_project_network/network/index.php/Home/User/data.html
INFO: [ app_init ] --START--
INFO: Run Behavior\BuildLiteBehavior [ RunTime:0.000000s ]
INFO: [ app_init ] --END-- [ RunTime:0.001001s ]

[ 2015-08-12T17:52:32+08:00 ] 127.0.0.1 /test/new_project_network/network/index.php/Home/User/data.html
INFO: [ app_init ] --START--
INFO: Run Behavior\BuildLiteBehavior [ RunTime:0.000000s ]
INFO: [ app_init ] --END-- [ RunTime:0.002000s ]

[ 2015-08-12T18:02:01+08:00 ] 127.0.0.1 /test/new_project_network/network/index.php/Home/User/data.html
INFO: [ app_init ] --START--
INFO: Run Behavior\BuildLiteBehavior [ RunTime:0.000000s ]
INFO: [ app_init ] --END-- [ RunTime:0.014001s ]

[ 2015-08-12T18:02:23+08:00 ] 127.0.0.1 /test/new_project_network/network/index.php/Home/User/data.html
INFO: [ app_init ] --START--
INFO: Run Behavior\BuildLiteBehavior [ RunTime:0.000000s ]
INFO: [ app_init ] --END-- [ RunTime:0.001001s ]

[ 2015-08-12T18:03:14+08:00 ] 127.0.0.1 /test/new_project_network/network/index.php/Home/User/data.html
INFO: [ app_init ] --START--
INFO: Run Behavior\BuildLiteBehavior [ RunTime:0.000000s ]
INFO: [ app_init ] --END-- [ RunTime:0.001000s ]

[ 2015-08-12T18:07:42+08:00 ] 127.0.0.1 /test/new_project_network/network/index.php/Home/User/data.html
INFO: [ app_init ] --START--
INFO: Run Behavior\BuildLiteBehavior [ RunTime:0.000000s ]
INFO: [ app_init ] --END-- [ RunTime:0.001000s ]

[ 2015-08-12T18:10:49+08:00 ] 127.0.0.1 /test/new_project_network/network/index.php/Home/User/page.html
INFO: [ app_init ] --START--
INFO: Run Behavior\BuildLiteBehavior [ RunTime:0.000000s ]
INFO: [ app_init ] --END-- [ RunTime:0.001001s ]

[ 2015-08-12T18:10:56+08:00 ] 127.0.0.1 /test/new_project_network/network/index.php/Home/User/data.html
INFO: [ app_init ] --START--
INFO: Run Behavior\BuildLiteBehavior [ RunTime:0.000000s ]
INFO: [ app_init ] --END-- [ RunTime:0.001000s ]

[ 2015-08-12T18:11:43+08:00 ] 127.0.0.1 /test/new_project_network/network/index.php/Home/User/page.html
INFO: [ app_init ] --START--
INFO: Run Behavior\BuildLiteBehavior [ RunTime:0.000000s ]
INFO: [ app_init ] --END-- [ RunTime:0.002000s ]

[ 2015-08-12T18:11:50+08:00 ] 127.0.0.1 /test/new_project_network/network/index.php/Home/User/windcolor.html
INFO: [ app_init ] --START--
INFO: Run Behavior\BuildLiteBehavior [ RunTime:0.000000s ]
INFO: [ app_init ] --END-- [ RunTime:0.001000s ]

[ 2015-08-12T18:18:04+08:00 ] 127.0.0.1 /test/new_project_network/network/index.php/Home/User/windcolor.html
INFO: [ app_init ] --START--
INFO: Run Behavior\BuildLiteBehavior [ RunTime:0.000000s ]
INFO: [ app_init ] --END-- [ RunTime:0.012001s ]

[ 2015-08-12T18:18:09+08:00 ] 127.0.0.1 /test/new_project_network/network/index.php/Home/User/windcolor.html
INFO: [ app_init ] --START--
INFO: Run Behavior\BuildLiteBehavior [ RunTime:0.000000s ]
INFO: [ app_init ] --END-- [ RunTime:0.001000s ]

[ 2015-08-12T18:18:11+08:00 ] 127.0.0.1 /test/new_project_network/network/index.php/Home/User/windcolor.html
INFO: [ app_init ] --START--
INFO: Run Behavior\BuildLiteBehavior [ RunTime:0.000000s ]
INFO: [ app_init ] --END-- [ RunTime:0.001000s ]

[ 2015-08-12T18:18:19+08:00 ] 127.0.0.1 /test/new_project_network/network/index.php/Home/User/page.html
INFO: [ app_init ] --START--
INFO: Run Behavior\BuildLiteBehavior [ RunTime:0.000000s ]
INFO: [ app_init ] --END-- [ RunTime:0.002000s ]

[ 2015-08-12T18:18:23+08:00 ] 127.0.0.1 /test/new_project_network/network/index.php/Home/User/data.html
INFO: [ app_init ] --START--
INFO: Run Behavior\BuildLiteBehavior [ RunTime:0.000000s ]
INFO: [ app_init ] --END-- [ RunTime:0.000000s ]

[ 2015-08-12T19:44:19+08:00 ] 127.0.0.1 /test/new_project_network/network/index.php/Home/User/data.html
INFO: [ app_init ] --START--
INFO: Run Behavior\BuildLiteBehavior [ RunTime:0.000000s ]
INFO: [ app_init ] --END-- [ RunTime:0.001000s ]

[ 2015-08-12T19:44:49+08:00 ] 127.0.0.1 /test/new_project_network/network/index.php/Home/User/data.html
INFO: [ app_init ] --START--
INFO: Run Behavior\BuildLiteBehavior [ RunTime:0.000000s ]
INFO: [ app_init ] --END-- [ RunTime:0.001000s ]
ERR: SQLSTATE[42S22]: Column not found: 1054 Unknown column '$stu_tzs' in 'where clause'

[ 2015-08-12T19:45:21+08:00 ] 127.0.0.1 /test/new_project_network/network/index.php/Home/User/data.html
INFO: [ app_init ] --START--
INFO: Run Behavior\BuildLiteBehavior [ RunTime:0.000000s ]
INFO: [ app_init ] --END-- [ RunTime:0.002001s ]

[ 2015-08-12T19:46:28+08:00 ] 127.0.0.1 /test/new_project_network/network/index.php/Home/User/data.html
INFO: [ app_init ] --START--
INFO: Run Behavior\BuildLiteBehavior [ RunTime:0.000000s ]
INFO: [ app_init ] --END-- [ RunTime:0.003000s ]

[ 2015-08-12T19:56:52+08:00 ] 127.0.0.1 /test/new_project_network/network/index.php/Home/User/data.html
INFO: [ app_init ] --START--
INFO: Run Behavior\BuildLiteBehavior [ RunTime:0.000000s ]
INFO: [ app_init ] --END-- [ RunTime:0.001000s ]

[ 2015-08-12T19:57:42+08:00 ] 127.0.0.1 /test/new_project_network/network/index.php/Home/User/data.html
INFO: [ app_init ] --START--
INFO: Run Behavior\BuildLiteBehavior [ RunTime:0.001000s ]
INFO: [ app_init ] --END-- [ RunTime:0.001000s ]

[ 2015-08-12T19:58:46+08:00 ] 127.0.0.1 /test/new_project_network/network/index.php/Home/User/data.html
INFO: [ app_init ] --START--
INFO: Run Behavior\BuildLiteBehavior [ RunTime:0.000000s ]
INFO: [ app_init ] --END-- [ RunTime:0.001000s ]

[ 2015-08-12T20:00:05+08:00 ] 127.0.0.1 /test/new_project_network/network/index.php/Home/User/data.html
INFO: [ app_init ] --START--
INFO: Run Behavior\BuildLiteBehavior [ RunTime:0.000000s ]
INFO: [ app_init ] --END-- [ RunTime:0.001000s ]

[ 2015-08-12T20:01:27+08:00 ] 127.0.0.1 /test/new_project_network/network/index.php/Home/User/data.html
INFO: [ app_init ] --START--
INFO: Run Behavior\BuildLiteBehavior [ RunTime:0.000000s ]
INFO: [ app_init ] --END-- [ RunTime:0.003000s ]

[ 2015-08-12T20:08:04+08:00 ] 127.0.0.1 /test/new_project_network/network/index.php/Home/User/data.html
INFO: [ app_init ] --START--
INFO: Run Behavior\BuildLiteBehavior [ RunTime:0.000000s ]
INFO: [ app_init ] --END-- [ RunTime:0.001000s ]

[ 2015-08-12T20:08:31+08:00 ] 127.0.0.1 /test/new_project_network/network/index.php/Home/User/data.html
INFO: [ app_init ] --START--
INFO: Run Behavior\BuildLiteBehavior [ RunTime:0.000000s ]
INFO: [ app_init ] --END-- [ RunTime:0.001000s ]

[ 2015-08-12T20:10:14+08:00 ] 127.0.0.1 /test/new_project_network/network/index.php/Home/User/data.html
INFO: [ app_init ] --START--
INFO: Run Behavior\BuildLiteBehavior [ RunTime:0.000000s ]
INFO: [ app_init ] --END-- [ RunTime:0.003000s ]

[ 2015-08-12T20:10:46+08:00 ] 127.0.0.1 /test/new_project_network/network/index.php/Home/User/data.html
INFO: [ app_init ] --START--
INFO: Run Behavior\BuildLiteBehavior [ RunTime:0.000000s ]
INFO: [ app_init ] --END-- [ RunTime:0.007000s ]

[ 2015-08-12T20:14:33+08:00 ] 127.0.0.1 /test/new_project_network/network/index.php/Home/User/data.html
INFO: [ app_init ] --START--
INFO: Run Behavior\BuildLiteBehavior [ RunTime:0.000000s ]
INFO: [ app_init ] --END-- [ RunTime:0.002001s ]

[ 2015-08-12T22:42:48+08:00 ] 127.0.0.1 /test/new_project_network/network/index.php/Home/User/data.html
INFO: [ app_init ] --START--
INFO: Run Behavior\BuildLiteBehavior [ RunTime:0.000000s ]
INFO: [ app_init ] --END-- [ RunTime:0.001000s ]
ERR: SQLSTATE[42000]: Syntax error or access violation: 1064 You have an error in your SQL syntax; check the manual that corresponds to your MySQL server version for the right syntax to use near 'WHERE b.stu_sch = a.stu_sch GROUP BY stu_gender' at line 1

[ 2015-08-12T22:42:56+08:00 ] 127.0.0.1 /test/new_project_network/network/index.php/Home/User/data.html
INFO: [ app_init ] --START--
INFO: Run Behavior\BuildLiteBehavior [ RunTime:0.000000s ]
INFO: [ app_init ] --END-- [ RunTime:0.001000s ]
ERR: SQLSTATE[42000]: Syntax error or access violation: 1064 You have an error in your SQL syntax; check the manual that corresponds to your MySQL server version for the right syntax to use near 'WHERE b.stu_sch = a.stu_sch GROUP BY stu_gender' at line 1

[ 2015-08-12T22:44:13+08:00 ] 127.0.0.1 /test/new_project_network/network/index.php/Home/User/data.html
INFO: [ app_init ] --START--
INFO: Run Behavior\BuildLiteBehavior [ RunTime:0.000000s ]
INFO: [ app_init ] --END-- [ RunTime:0.009001s ]

[ 2015-08-12T22:44:15+08:00 ] 127.0.0.1 /test/new_project_network/network/index.php/Home/User/data.html
INFO: [ app_init ] --START--
INFO: Run Behavior\BuildLiteBehavior [ RunTime:0.000000s ]
INFO: [ app_init ] --END-- [ RunTime:0.001000s ]

[ 2015-08-12T22:45:13+08:00 ] 127.0.0.1 /test/new_project_network/network/index.php/Home/User/data.html
INFO: [ app_init ] --START--
INFO: Run Behavior\BuildLiteBehavior [ RunTime:0.000000s ]
INFO: [ app_init ] --END-- [ RunTime:0.001000s ]

[ 2015-08-12T23:03:48+08:00 ] 127.0.0.1 /test/new_project_network/network/index.php/Home/User/data.html
INFO: [ app_init ] --START--
INFO: Run Behavior\BuildLiteBehavior [ RunTime:0.000000s ]
INFO: [ app_init ] --END-- [ RunTime:0.001000s ]

[ 2015-08-12T23:04:29+08:00 ] 127.0.0.1 /test/new_project_network/network/index.php/Home/User/data.html
INFO: [ app_init ] --START--
INFO: Run Behavior\BuildLiteBehavior [ RunTime:0.000000s ]
INFO: [ app_init ] --END-- [ RunTime:0.004000s ]

[ 2015-08-12T23:04:30+08:00 ] 127.0.0.1 /test/new_project_network/network/index.php/Home/User/data.html
INFO: [ app_init ] --START--
INFO: Run Behavior\BuildLiteBehavior [ RunTime:0.000000s ]
INFO: [ app_init ] --END-- [ RunTime:0.002000s ]

[ 2015-08-12T23:04:31+08:00 ] 127.0.0.1 /test/new_project_network/network/index.php/Home/User/data.html
INFO: [ app_init ] --START--
INFO: Run Behavior\BuildLiteBehavior [ RunTime:0.000000s ]
INFO: [ app_init ] --END-- [ RunTime:0.001000s ]

[ 2015-08-12T23:04:31+08:00 ] 127.0.0.1 /test/new_project_network/network/index.php/Home/User/data.html
INFO: [ app_init ] --START--
INFO: Run Behavior\BuildLiteBehavior [ RunTime:0.000000s ]
INFO: [ app_init ] --END-- [ RunTime:0.000000s ]

[ 2015-08-12T23:04:31+08:00 ] 127.0.0.1 /test/new_project_network/network/index.php/Home/User/data.html
INFO: [ app_init ] --START--
INFO: Run Behavior\BuildLiteBehavior [ RunTime:0.000000s ]
INFO: [ app_init ] --END-- [ RunTime:0.001000s ]

[ 2015-08-12T23:05:18+08:00 ] 127.0.0.1 /test/new_project_network/network/index.php/Home/User/data.html
INFO: [ app_init ] --START--
INFO: Run Behavior\BuildLiteBehavior [ RunTime:0.000000s ]
INFO: [ app_init ] --END-- [ RunTime:0.001000s ]

[ 2015-08-12T23:05:19+08:00 ] 127.0.0.1 /test/new_project_network/network/index.php/Home/User/data.html
INFO: [ app_init ] --START--
INFO: Run Behavior\BuildLiteBehavior [ RunTime:0.000000s ]
INFO: [ app_init ] --END-- [ RunTime:0.001000s ]

[ 2015-08-12T23:05:20+08:00 ] 127.0.0.1 /test/new_project_network/network/index.php/Home/User/data.html
INFO: [ app_init ] --START--
INFO: Run Behavior\BuildLiteBehavior [ RunTime:0.000000s ]
INFO: [ app_init ] --END-- [ RunTime:0.001000s ]

[ 2015-08-12T23:05:34+08:00 ] 127.0.0.1 /test/new_project_network/network/index.php/Home/User/data.html
INFO: [ app_init ] --START--
INFO: Run Behavior\BuildLiteBehavior [ RunTime:0.000000s ]
INFO: [ app_init ] --END-- [ RunTime:0.001000s ]

[ 2015-08-12T23:05:50+08:00 ] 127.0.0.1 /test/new_project_network/network/index.php/Home/User/data.html
INFO: [ app_init ] --START--
INFO: Run Behavior\BuildLiteBehavior [ RunTime:0.000000s ]
INFO: [ app_init ] --END-- [ RunTime:0.001000s ]

[ 2015-08-12T23:46:31+08:00 ] 127.0.0.1 /test/new_project_network/network/index.php/Home/User/data.html
INFO: [ app_init ] --START--
INFO: Run Behavior\BuildLiteBehavior [ RunTime:0.000000s ]
INFO: [ app_init ] --END-- [ RunTime:0.001001s ]

[ 2015-08-12T23:50:25+08:00 ] 127.0.0.1 /test/new_project_network/network/index.php/Home/User/data.html
INFO: [ app_init ] --START--
INFO: Run Behavior\BuildLiteBehavior [ RunTime:0.000000s ]
INFO: [ app_init ] --END-- [ RunTime:0.003000s ]

[ 2015-08-12T23:57:20+08:00 ] 127.0.0.1 /test/new_project_network/network/index.php/Home/User/data.html
INFO: [ app_init ] --START--
INFO: Run Behavior\BuildLiteBehavior [ RunTime:0.000000s ]
INFO: [ app_init ] --END-- [ RunTime:0.179010s ]

[ 2015-08-12T23:58:03+08:00 ] 127.0.0.1 /test/new_project_network/network/index.php/Home/User/data.html
INFO: [ app_init ] --START--
INFO: Run Behavior\BuildLiteBehavior [ RunTime:0.000000s ]
INFO: [ app_init ] --END-- [ RunTime:0.001000s ]

